TN:
SF:src/modules/AccessControlModuleStandalone.sol
DA:24,396
FN:24,AccessControlModuleStandalone.constructor
FNDA:396,AccessControlModuleStandalone.constructor
DA:25,396
BRDA:25,0,0,5
BRDA:25,0,1,391
DA:29,391
DA:38,507
FN:38,AccessControlModuleStandalone.hasRole
FNDA:507,AccessControlModuleStandalone.hasRole
DA:47,3597
BRDA:47,1,0,3110
BRDA:47,1,1,487
DA:48,3110
DA:50,487
FNF:2
FNH:2
LF:7
LH:7
BRF:4
BRH:4
end_of_record
TN:
SF:src/modules/VersionModule.sol
DA:14,7
FN:14,VersionModule.version
FNDA:7,VersionModule.version
DA:15,7
FNF:1
FNH:1
LF:2
LH:2
BRF:0
BRH:0
end_of_record
TN:
SF:src/rules/operation/RuleConditionalTransferLight.sol
DA:27,18
FN:27,RuleConditionalTransferLight.supportsInterface
FNDA:18,RuleConditionalTransferLight.supportsInterface
DA:34,18
DA:35,11
DA:38,1
FN:38,RuleConditionalTransferLight.created
FNDA:1,RuleConditionalTransferLight.created
DA:39,1
DA:42,1
FN:42,RuleConditionalTransferLight.destroyed
FNDA:1,RuleConditionalTransferLight.destroyed
DA:43,1
DA:46,1947
FN:46,RuleConditionalTransferLight._authorizeTransferApproval
FNDA:1947,RuleConditionalTransferLight._authorizeTransferApproval
DA:48,857
FN:48,RuleConditionalTransferLight._authorizeTransferExecution
FNDA:857,RuleConditionalTransferLight._authorizeTransferExecution
DA:49,857
BRDA:49,0,0,1
BRDA:49,0,1,856
DA:55,19
FN:55,RuleConditionalTransferLight._onlyComplianceManager
FNDA:19,RuleConditionalTransferLight._onlyComplianceManager
FNF:6
FNH:6
LF:11
LH:11
BRF:2
BRH:2
end_of_record
TN:
SF:src/rules/operation/RuleConditionalTransferLightOwnable2Step.sol
DA:21,4
FN:21,RuleConditionalTransferLightOwnable2Step.supportsInterface
FNDA:4,RuleConditionalTransferLightOwnable2Step.supportsInterface
DA:22,4
DA:23,2
DA:26,4
FN:26,RuleConditionalTransferLightOwnable2Step._authorizeTransferApproval
FNDA:4,RuleConditionalTransferLightOwnable2Step._authorizeTransferApproval
DA:28,3
FN:28,RuleConditionalTransferLightOwnable2Step._authorizeTransferExecution
FNDA:3,RuleConditionalTransferLightOwnable2Step._authorizeTransferExecution
FNF:3
FNH:3
LF:5
LH:5
BRF:0
BRH:0
end_of_record
TN:
SF:src/rules/operation/abstract/RuleConditionalTransferLightBase.sol
DA:25,1940
FN:25,RuleConditionalTransferLightBase.approveTransfer
FNDA:1940,RuleConditionalTransferLightBase.approveTransfer
DA:26,1941
DA:27,1941
DA:28,1941
DA:31,4
FN:31,RuleConditionalTransferLightBase.cancelTransferApproval
FNDA:4,RuleConditionalTransferLightBase.cancelTransferApproval
DA:32,3
DA:33,3
DA:34,3
BRDA:34,0,0,1
BRDA:34,0,1,2
DA:35,2
DA:36,2
DA:45,4
FN:45,RuleConditionalTransferLightBase.approveAndTransferIfAllowed
FNDA:4,RuleConditionalTransferLightBase.approveAndTransferIfAllowed
DA:50,4
BRDA:50,1,0,1
BRDA:50,1,1,3
DA:52,3
DA:54,3
DA:55,3
BRDA:55,2,0,1
BRDA:55,2,1,2
DA:60,2
DA:61,2
BRDA:61,3,0,1
BRDA:61,3,1,1
DA:62,1
DA:65,264
FN:65,RuleConditionalTransferLightBase.approvedCount
FNDA:264,RuleConditionalTransferLightBase.approvedCount
DA:66,264
DA:67,264
DA:70,856
FN:70,RuleConditionalTransferLightBase.transferred.0
FNDA:856,RuleConditionalTransferLightBase.transferred.0
DA:75,854
DA:78,1
FN:78,RuleConditionalTransferLightBase.transferred.1
FNDA:1,RuleConditionalTransferLightBase.transferred.1
DA:83,1
DA:86,7
FN:86,RuleConditionalTransferLightBase.detectTransferRestriction
FNDA:7,RuleConditionalTransferLightBase.detectTransferRestriction
DA:92,13
BRDA:92,4,0,4
DA:93,4
DA:95,9
DA:96,9
BRDA:96,5,0,6
DA:97,6
DA:99,3
DA:102,1
FN:102,RuleConditionalTransferLightBase.detectTransferRestrictionFrom
FNDA:1,RuleConditionalTransferLightBase.detectTransferRestrictionFrom
DA:108,2
DA:111,4
FN:111,RuleConditionalTransferLightBase.canTransfer
FNDA:4,RuleConditionalTransferLightBase.canTransfer
DA:117,4
DA:120,1
FN:120,RuleConditionalTransferLightBase.canTransferFrom
FNDA:1,RuleConditionalTransferLightBase.canTransferFrom
DA:126,1
DA:130,1
FN:130,RuleConditionalTransferLightBase.canReturnTransferRestrictionCode
FNDA:1,RuleConditionalTransferLightBase.canReturnTransferRestrictionCode
DA:131,1
DA:134,2
FN:134,RuleConditionalTransferLightBase.messageForTransferRestriction
FNDA:2,RuleConditionalTransferLightBase.messageForTransferRestriction
DA:140,2
BRDA:140,6,0,1
DA:141,1
DA:143,1
DA:146,3
FN:146,RuleConditionalTransferLightBase.transferred.2
FNDA:3,RuleConditionalTransferLightBase.transferred.2
DA:147,3
DA:150,3
FN:150,RuleConditionalTransferLightBase._transferredFromContext
FNDA:3,RuleConditionalTransferLightBase._transferredFromContext
DA:151,3
DA:154,860
FN:154,RuleConditionalTransferLightBase._transferred
FNDA:860,RuleConditionalTransferLightBase._transferred
DA:155,860
BRDA:155,7,0,860
DA:156,860
DA:158,846
DA:159,846
DA:161,846
BRDA:161,8,0,3
BRDA:161,8,1,843
DA:163,843
DA:164,843
DA:167,3063
FN:167,RuleConditionalTransferLightBase._transferHash
FNDA:3063,RuleConditionalTransferLightBase._transferHash
DA:168,3063
DA:175,4
FN:175,RuleConditionalTransferLightBase.onlyTransferApprover
FNDA:4,RuleConditionalTransferLightBase.onlyTransferApprover
DA:176,4
DA:180,3
FN:180,RuleConditionalTransferLightBase.onlyTransferExecutor
FNDA:3,RuleConditionalTransferLightBase.onlyTransferExecutor
DA:181,3
FNF:18
FNH:18
LF:62
LH:62
BRF:14
BRH:14
end_of_record
TN:
SF:src/rules/validation/abstract/RuleAddressSet/RuleAddressSet.sol
DA:51,275
FN:51,RuleAddressSet.addAddresses
FNDA:275,RuleAddressSet.addAddresses
DA:52,274
DA:53,274
DA:63,260
FN:63,RuleAddressSet.removeAddresses
FNDA:260,RuleAddressSet.removeAddresses
DA:64,259
DA:65,259
DA:75,105
FN:75,RuleAddressSet.addAddress
FNDA:105,RuleAddressSet.addAddress
DA:76,102
BRDA:76,0,0,1
BRDA:76,0,1,101
DA:77,101
DA:78,101
DA:88,8
FN:88,RuleAddressSet.removeAddress
FNDA:8,RuleAddressSet.removeAddress
DA:89,5
BRDA:89,1,0,1
BRDA:89,1,1,4
DA:90,4
DA:91,4
DA:98,275
FN:98,RuleAddressSet.onlyAddressListAdd
FNDA:275,RuleAddressSet.onlyAddressListAdd
DA:99,275
DA:103,8
FN:103,RuleAddressSet.onlyAddressListRemove
FNDA:8,RuleAddressSet.onlyAddressListRemove
DA:104,8
DA:116,536
FN:116,RuleAddressSet.listedAddressCount
FNDA:536,RuleAddressSet.listedAddressCount
DA:117,536
DA:125,2
FN:125,RuleAddressSet.contains
FNDA:2,RuleAddressSet.contains
DA:126,2
DA:134,67
FN:134,RuleAddressSet.isAddressListed
FNDA:67,RuleAddressSet.isAddressListed
DA:135,383
DA:143,108
FN:143,RuleAddressSet.areAddressesListed
FNDA:108,RuleAddressSet.areAddressesListed
DA:144,108
DA:145,108
DA:146,244
DA:154,882
FN:154,RuleAddressSet._msgSender
FNDA:882,RuleAddressSet._msgSender
DA:155,882
DA:159,4
FN:159,RuleAddressSet._msgData
FNDA:4,RuleAddressSet._msgData
DA:160,4
DA:164,886
FN:164,RuleAddressSet._contextSuffixLength
FNDA:886,RuleAddressSet._contextSuffixLength
DA:165,886
FNF:13
FNH:13
LF:34
LH:34
BRF:4
BRH:4
end_of_record
TN:
SF:src/rules/validation/abstract/RuleAddressSet/RuleAddressSetInternal.sol
DA:38,274
FN:38,RuleAddressSetInternal._addAddresses
FNDA:274,RuleAddressSetInternal._addAddresses
DA:42,274
DA:43,806
BRDA:43,0,0,548
BRDA:43,0,1,258
DA:44,548
DA:46,258
DA:60,259
FN:60,RuleAddressSetInternal._removeAddresses
FNDA:259,RuleAddressSetInternal._removeAddresses
DA:64,259
DA:65,775
BRDA:65,1,0,518
BRDA:65,1,1,257
DA:66,518
DA:68,257
DA:77,101
FN:77,RuleAddressSetInternal._addAddress
FNDA:101,RuleAddressSetInternal._addAddress
DA:78,101
DA:85,4
FN:85,RuleAddressSetInternal._removeAddress
FNDA:4,RuleAddressSetInternal._removeAddress
DA:86,4
DA:93,536
FN:93,RuleAddressSetInternal._listedAddressCount
FNDA:536,RuleAddressSetInternal._listedAddressCount
DA:94,536
DA:102,738
FN:102,RuleAddressSetInternal._isAddressListed
FNDA:738,RuleAddressSetInternal._isAddressListed
DA:103,738
FNF:6
FNH:6
LF:18
LH:18
BRF:4
BRH:4
end_of_record
TN:
SF:src/rules/validation/abstract/RuleERC2980/RuleERC2980Internal.sol
DA:33,4
FN:33,RuleERC2980Internal._addWhitelistAddresses
FNDA:4,RuleERC2980Internal._addWhitelistAddresses
DA:37,4
DA:38,6
BRDA:38,0,0,5
BRDA:38,0,1,1
DA:39,5
DA:41,1
DA:46,3
FN:46,RuleERC2980Internal._removeWhitelistAddresses
FNDA:3,RuleERC2980Internal._removeWhitelistAddresses
DA:50,3
DA:51,3
BRDA:51,1,0,2
BRDA:51,1,1,1
DA:52,2
DA:54,1
DA:59,39
FN:59,RuleERC2980Internal._addWhitelistAddress
FNDA:39,RuleERC2980Internal._addWhitelistAddress
DA:60,39
DA:63,4
FN:63,RuleERC2980Internal._removeWhitelistAddress
FNDA:4,RuleERC2980Internal._removeWhitelistAddress
DA:64,4
DA:67,82
FN:67,RuleERC2980Internal._isWhitelisted
FNDA:82,RuleERC2980Internal._isWhitelisted
DA:68,82
DA:71,5
FN:71,RuleERC2980Internal._whitelistCount
FNDA:5,RuleERC2980Internal._whitelistCount
DA:72,5
DA:79,4
FN:79,RuleERC2980Internal._addFrozenlistAddresses
FNDA:4,RuleERC2980Internal._addFrozenlistAddresses
DA:83,4
DA:84,6
BRDA:84,2,0,5
BRDA:84,2,1,1
DA:85,5
DA:87,1
DA:92,2
FN:92,RuleERC2980Internal._removeFrozenlistAddresses
FNDA:2,RuleERC2980Internal._removeFrozenlistAddresses
DA:96,2
DA:97,2
BRDA:97,3,0,1
BRDA:97,3,1,1
DA:98,1
DA:100,1
DA:105,18
FN:105,RuleERC2980Internal._addFrozenlistAddress
FNDA:18,RuleERC2980Internal._addFrozenlistAddress
DA:106,18
DA:109,4
FN:109,RuleERC2980Internal._removeFrozenlistAddress
FNDA:4,RuleERC2980Internal._removeFrozenlistAddress
DA:110,4
DA:113,90
FN:113,RuleERC2980Internal._isFrozen
FNDA:90,RuleERC2980Internal._isFrozen
DA:114,90
DA:117,4
FN:117,RuleERC2980Internal._frozenlistCount
FNDA:4,RuleERC2980Internal._frozenlistCount
DA:118,4
FNF:12
FNH:12
LF:36
LH:36
BRF:8
BRH:8
end_of_record
TN:
SF:src/rules/validation/abstract/base/RuleBlacklistBase.sol
DA:20,106
FN:20,RuleBlacklistBase._detectTransferRestriction
FNDA:106,RuleBlacklistBase._detectTransferRestriction
DA:26,106
BRDA:26,0,0,23
BRDA:26,0,1,64
DA:27,23
DA:28,83
BRDA:28,1,0,19
DA:29,19
DA:31,64
DA:34,22
FN:34,RuleBlacklistBase._detectTransferRestrictionFrom
FNDA:22,RuleBlacklistBase._detectTransferRestrictionFrom
DA:40,22
BRDA:40,2,0,8
DA:41,8
DA:43,14
DA:46,4
FN:46,RuleBlacklistBase.canReturnTransferRestrictionCode
FNDA:4,RuleBlacklistBase.canReturnTransferRestrictionCode
DA:53,4
DA:54,1
DA:57,12
FN:57,RuleBlacklistBase.messageForTransferRestriction
FNDA:12,RuleBlacklistBase.messageForTransferRestriction
DA:64,12
BRDA:64,3,0,5
BRDA:64,3,1,3
DA:65,5
DA:66,7
BRDA:66,4,0,3
BRDA:66,4,1,3
DA:67,3
DA:68,4
BRDA:68,5,0,1
BRDA:68,5,1,3
DA:69,1
DA:71,3
DA:75,61
FN:75,RuleBlacklistBase.supportsInterface
FNDA:61,RuleBlacklistBase.supportsInterface
DA:76,61
DA:83,58
FN:83,RuleBlacklistBase.transferred.0
FNDA:58,RuleBlacklistBase.transferred.0
DA:89,58
DA:96,2
FN:96,RuleBlacklistBase.transferred.1
FNDA:2,RuleBlacklistBase.transferred.1
DA:102,2
DA:105,61
FN:105,RuleBlacklistBase._transferred
FNDA:61,RuleBlacklistBase._transferred
DA:106,61
DA:107,61
BRDA:107,6,0,15
BRDA:107,6,1,46
DA:113,4
FN:113,RuleBlacklistBase._transferredFrom
FNDA:4,RuleBlacklistBase._transferredFrom
DA:119,4
DA:120,4
BRDA:120,7,0,2
BRDA:120,7,1,2
FNF:9
FNH:9
LF:33
LH:33
BRF:14
BRH:14
end_of_record
TN:
SF:src/rules/validation/abstract/base/RuleERC2980Base.sol
DA:47,22
FN:47,RuleERC2980Base._detectTransferRestriction
FNDA:22,RuleERC2980Base._detectTransferRestriction
DA:55,22
BRDA:55,0,0,4
BRDA:55,0,1,14
DA:56,4
DA:57,18
BRDA:57,1,0,4
DA:58,4
DA:61,14
BRDA:61,2,0,4
DA:62,4
DA:64,10
DA:67,8
FN:67,RuleERC2980Base._detectTransferRestrictionFrom
FNDA:8,RuleERC2980Base._detectTransferRestrictionFrom
DA:74,8
BRDA:74,3,0,4
DA:75,4
DA:77,4
DA:84,4
FN:84,RuleERC2980Base.transferred.0
FNDA:4,RuleERC2980Base.transferred.0
DA:90,4
DA:93,2
FN:93,RuleERC2980Base.transferred.1
FNDA:2,RuleERC2980Base.transferred.1
DA:99,2
DA:102,5
FN:102,RuleERC2980Base._transferred
FNDA:5,RuleERC2980Base._transferred
DA:103,5
DA:104,5
BRDA:104,4,0,3
BRDA:104,4,1,2
DA:110,3
FN:110,RuleERC2980Base._transferredFrom
FNDA:3,RuleERC2980Base._transferredFrom
DA:116,3
DA:117,3
BRDA:117,5,0,1
BRDA:117,5,1,2
DA:127,5
FN:127,RuleERC2980Base.canReturnTransferRestrictionCode
FNDA:5,RuleERC2980Base.canReturnTransferRestrictionCode
DA:134,5
DA:135,3
DA:136,2
DA:139,5
FN:139,RuleERC2980Base.messageForTransferRestriction
FNDA:5,RuleERC2980Base.messageForTransferRestriction
DA:146,5
BRDA:146,6,0,1
BRDA:146,6,1,1
DA:147,1
DA:148,4
BRDA:148,7,0,1
BRDA:148,7,1,1
DA:149,1
DA:150,3
BRDA:150,8,0,1
BRDA:150,8,1,1
DA:151,1
DA:152,2
BRDA:152,9,0,1
BRDA:152,9,1,1
DA:153,1
DA:155,1
DA:167,6
FN:167,RuleERC2980Base.addWhitelistAddresses
FNDA:6,RuleERC2980Base.addWhitelistAddresses
DA:168,4
DA:169,4
DA:176,4
FN:176,RuleERC2980Base.removeWhitelistAddresses
FNDA:4,RuleERC2980Base.removeWhitelistAddresses
DA:177,3
DA:178,3
DA:189,43
FN:189,RuleERC2980Base.addWhitelistAddress
FNDA:43,RuleERC2980Base.addWhitelistAddress
DA:190,40
BRDA:190,10,0,1
BRDA:190,10,1,39
DA:191,39
DA:192,39
DA:203,7
FN:203,RuleERC2980Base.removeWhitelistAddress
FNDA:7,RuleERC2980Base.removeWhitelistAddress
DA:204,5
BRDA:204,11,0,1
BRDA:204,11,1,4
DA:205,4
DA:206,4
DA:212,5
FN:212,RuleERC2980Base.whitelistAddressCount
FNDA:5,RuleERC2980Base.whitelistAddressCount
DA:213,5
DA:219,13
FN:219,RuleERC2980Base.isWhitelisted
FNDA:13,RuleERC2980Base.isWhitelisted
DA:220,13
DA:226,5
FN:226,RuleERC2980Base.whitelist
FNDA:5,RuleERC2980Base.whitelist
DA:227,5
DA:235,3
FN:235,RuleERC2980Base.isVerified
FNDA:3,RuleERC2980Base.isVerified
DA:242,3
DA:248,1
FN:248,RuleERC2980Base.areWhitelisted
FNDA:1,RuleERC2980Base.areWhitelisted
DA:249,1
DA:250,1
DA:251,2
DA:263,6
FN:263,RuleERC2980Base.addFrozenlistAddresses
FNDA:6,RuleERC2980Base.addFrozenlistAddresses
DA:264,4
DA:265,4
DA:272,2
FN:272,RuleERC2980Base.removeFrozenlistAddresses
FNDA:2,RuleERC2980Base.removeFrozenlistAddresses
DA:273,2
DA:274,2
DA:285,22
FN:285,RuleERC2980Base.addFrozenlistAddress
FNDA:22,RuleERC2980Base.addFrozenlistAddress
DA:286,19
BRDA:286,12,0,1
BRDA:286,12,1,18
DA:287,18
DA:288,18
DA:299,7
FN:299,RuleERC2980Base.removeFrozenlistAddress
FNDA:7,RuleERC2980Base.removeFrozenlistAddress
DA:300,5
BRDA:300,13,0,1
BRDA:300,13,1,4
DA:301,4
DA:302,4
DA:308,4
FN:308,RuleERC2980Base.frozenlistAddressCount
FNDA:4,RuleERC2980Base.frozenlistAddressCount
DA:309,4
DA:315,12
FN:315,RuleERC2980Base.isFrozen
FNDA:12,RuleERC2980Base.isFrozen
DA:316,12
DA:322,4
FN:322,RuleERC2980Base.frozenlist
FNDA:4,RuleERC2980Base.frozenlist
DA:323,4
DA:329,1
FN:329,RuleERC2980Base.areFrozen
FNDA:1,RuleERC2980Base.areFrozen
DA:330,1
DA:331,1
DA:332,2
DA:340,1
FN:340,RuleERC2980Base.supportsInterface
FNDA:1,RuleERC2980Base.supportsInterface
DA:341,1
DA:348,6
FN:348,RuleERC2980Base.onlyWhitelistAdd
FNDA:6,RuleERC2980Base.onlyWhitelistAdd
DA:349,6
DA:353,7
FN:353,RuleERC2980Base.onlyWhitelistRemove
FNDA:7,RuleERC2980Base.onlyWhitelistRemove
DA:354,7
DA:358,6
FN:358,RuleERC2980Base.onlyFrozenlistAdd
FNDA:6,RuleERC2980Base.onlyFrozenlistAdd
DA:359,6
DA:363,2
FN:363,RuleERC2980Base.onlyFrozenlistRemove
FNDA:2,RuleERC2980Base.onlyFrozenlistRemove
DA:364,2
DA:377,267
FN:377,RuleERC2980Base._msgSender
FNDA:267,RuleERC2980Base._msgSender
DA:378,267
DA:381,2
FN:381,RuleERC2980Base._msgData
FNDA:2,RuleERC2980Base._msgData
DA:382,2
DA:385,269
FN:385,RuleERC2980Base._contextSuffixLength
FNDA:269,RuleERC2980Base._contextSuffixLength
DA:386,269
FNF:33
FNH:33
LF:102
LH:102
BRF:25
BRH:25
end_of_record
TN:
SF:src/rules/validation/abstract/base/RuleIdentityRegistryBase.sol
DA:19,26
FN:19,RuleIdentityRegistryBase.constructor
FNDA:26,RuleIdentityRegistryBase.constructor
DA:20,26
BRDA:20,0,0,25
DA:21,25
DA:25,4
FN:25,RuleIdentityRegistryBase.setIdentityRegistry
FNDA:4,RuleIdentityRegistryBase.setIdentityRegistry
DA:26,2
BRDA:26,1,0,1
BRDA:26,1,1,1
DA:27,1
DA:28,1
DA:31,5
FN:31,RuleIdentityRegistryBase.clearIdentityRegistry
FNDA:5,RuleIdentityRegistryBase.clearIdentityRegistry
DA:32,3
DA:33,3
DA:36,16
FN:36,RuleIdentityRegistryBase._detectTransferRestriction
FNDA:16,RuleIdentityRegistryBase._detectTransferRestriction
DA:42,16
BRDA:42,2,0,3
DA:43,3
DA:45,13
BRDA:45,3,0,2
DA:46,2
DA:49,11
BRDA:49,4,0,4
DA:50,4
DA:52,7
BRDA:52,5,0,1
DA:53,1
DA:55,6
DA:58,9
FN:58,RuleIdentityRegistryBase._detectTransferRestrictionFrom
FNDA:9,RuleIdentityRegistryBase._detectTransferRestrictionFrom
DA:64,9
BRDA:64,6,0,1
DA:65,1
DA:67,8
BRDA:67,7,0,1
DA:68,1
DA:70,7
BRDA:70,8,0,4
DA:71,4
DA:73,3
DA:76,2
FN:76,RuleIdentityRegistryBase.transferred.0
FNDA:2,RuleIdentityRegistryBase.transferred.0
DA:81,2
DA:84,2
FN:84,RuleIdentityRegistryBase.transferred.1
FNDA:2,RuleIdentityRegistryBase.transferred.1
DA:89,2
DA:92,2
FN:92,RuleIdentityRegistryBase._transferred
FNDA:2,RuleIdentityRegistryBase._transferred
DA:93,2
DA:94,2
BRDA:94,9,0,1
BRDA:94,9,1,1
DA:100,2
FN:100,RuleIdentityRegistryBase._transferredFrom
FNDA:2,RuleIdentityRegistryBase._transferredFrom
DA:106,2
DA:107,2
BRDA:107,10,0,1
BRDA:107,10,1,1
DA:113,4
FN:113,RuleIdentityRegistryBase.canReturnTransferRestrictionCode
FNDA:4,RuleIdentityRegistryBase.canReturnTransferRestrictionCode
DA:114,4
DA:115,2
DA:118,4
FN:118,RuleIdentityRegistryBase.messageForTransferRestriction
FNDA:4,RuleIdentityRegistryBase.messageForTransferRestriction
DA:124,4
BRDA:124,11,0,1
BRDA:124,11,1,1
DA:125,1
DA:126,3
BRDA:126,12,0,1
BRDA:126,12,1,1
DA:127,1
DA:128,2
BRDA:128,13,0,1
DA:129,1
DA:131,1
DA:138,5
FN:138,RuleIdentityRegistryBase.onlyIdentityRegistryManager
FNDA:5,RuleIdentityRegistryBase.onlyIdentityRegistryManager
DA:139,5
FNF:12
FNH:12
LF:51
LH:51
BRF:19
BRH:19
end_of_record
TN:
SF:src/rules/validation/abstract/base/RuleMaxTotalSupplyBase.sol
DA:20,25
FN:20,RuleMaxTotalSupplyBase.constructor
FNDA:25,RuleMaxTotalSupplyBase.constructor
DA:21,25
BRDA:21,0,0,1
BRDA:21,0,1,24
DA:22,24
DA:23,24
DA:26,260
FN:26,RuleMaxTotalSupplyBase.setMaxTotalSupply
FNDA:260,RuleMaxTotalSupplyBase.setMaxTotalSupply
DA:27,258
DA:28,258
DA:31,4
FN:31,RuleMaxTotalSupplyBase.setTokenContract
FNDA:4,RuleMaxTotalSupplyBase.setTokenContract
DA:32,2
BRDA:32,1,0,1
BRDA:32,1,1,1
DA:33,1
DA:34,1
DA:37,271
FN:37,RuleMaxTotalSupplyBase._detectTransferRestriction
FNDA:271,RuleMaxTotalSupplyBase._detectTransferRestriction
DA:43,271
BRDA:43,2,0,268
DA:44,268
DA:45,268
BRDA:45,3,0,179
DA:46,179
DA:49,92
DA:52,2
FN:52,RuleMaxTotalSupplyBase._detectTransferRestrictionFrom
FNDA:2,RuleMaxTotalSupplyBase._detectTransferRestrictionFrom
DA:58,2
DA:61,2
FN:61,RuleMaxTotalSupplyBase.transferred.0
FNDA:2,RuleMaxTotalSupplyBase.transferred.0
DA:66,2
DA:69,2
FN:69,RuleMaxTotalSupplyBase.transferred.1
FNDA:2,RuleMaxTotalSupplyBase.transferred.1
DA:74,2
DA:77,2
FN:77,RuleMaxTotalSupplyBase._transferred
FNDA:2,RuleMaxTotalSupplyBase._transferred
DA:78,2
DA:79,2
BRDA:79,4,0,1
BRDA:79,4,1,1
DA:85,2
FN:85,RuleMaxTotalSupplyBase._transferredFrom
FNDA:2,RuleMaxTotalSupplyBase._transferredFrom
DA:86,2
DA:87,2
BRDA:87,5,0,1
BRDA:87,5,1,1
DA:93,2
FN:93,RuleMaxTotalSupplyBase.canReturnTransferRestrictionCode
FNDA:2,RuleMaxTotalSupplyBase.canReturnTransferRestrictionCode
DA:94,2
DA:97,2
FN:97,RuleMaxTotalSupplyBase.messageForTransferRestriction
FNDA:2,RuleMaxTotalSupplyBase.messageForTransferRestriction
DA:103,2
BRDA:103,6,0,1
DA:104,1
DA:106,1
DA:113,260
FN:113,RuleMaxTotalSupplyBase.onlyMaxTotalSupplyManager
FNDA:260,RuleMaxTotalSupplyBase.onlyMaxTotalSupplyManager
DA:114,260
FNF:12
FNH:12
LF:37
LH:37
BRF:11
BRH:11
end_of_record
TN:
SF:src/rules/validation/abstract/base/RuleSanctionsListBase.sol
DA:20,46
FN:20,RuleSanctionsListBase.constructor
FNDA:46,RuleSanctionsListBase.constructor
DA:23,45
BRDA:23,0,0,20
DA:24,20
DA:28,84
FN:28,RuleSanctionsListBase._detectTransferRestriction
FNDA:84,RuleSanctionsListBase._detectTransferRestriction
DA:34,84
BRDA:34,1,0,77
DA:35,77
BRDA:35,2,0,10
BRDA:35,2,1,55
DA:36,10
DA:37,67
BRDA:37,3,0,12
DA:38,12
DA:41,62
DA:44,16
FN:44,RuleSanctionsListBase._detectTransferRestrictionFrom
FNDA:16,RuleSanctionsListBase._detectTransferRestrictionFrom
DA:51,16
BRDA:51,4,0,15
DA:52,15
BRDA:52,5,0,6
DA:53,6
DA:55,9
DA:57,1
DA:60,3
FN:60,RuleSanctionsListBase.canReturnTransferRestrictionCode
FNDA:3,RuleSanctionsListBase.canReturnTransferRestrictionCode
DA:61,3
DA:62,1
DA:65,4
FN:65,RuleSanctionsListBase.messageForTransferRestriction
FNDA:4,RuleSanctionsListBase.messageForTransferRestriction
DA:71,4
BRDA:71,6,0,1
BRDA:71,6,1,1
DA:72,1
DA:73,3
BRDA:73,7,0,1
BRDA:73,7,1,1
DA:74,1
DA:75,2
BRDA:75,8,0,1
DA:76,1
DA:78,1
DA:81,17
FN:81,RuleSanctionsListBase.setSanctionListOracle
FNDA:17,RuleSanctionsListBase.setSanctionListOracle
DA:82,15
BRDA:82,9,0,1
BRDA:82,9,1,14
DA:83,14
DA:86,3
FN:86,RuleSanctionsListBase.clearSanctionListOracle
FNDA:3,RuleSanctionsListBase.clearSanctionListOracle
DA:87,3
DA:90,43
FN:90,RuleSanctionsListBase.transferred.0
FNDA:43,RuleSanctionsListBase.transferred.0
DA:95,43
DA:98,2
FN:98,RuleSanctionsListBase.transferred.1
FNDA:2,RuleSanctionsListBase.transferred.1
DA:103,2
DA:106,47
FN:106,RuleSanctionsListBase._transferred
FNDA:47,RuleSanctionsListBase._transferred
DA:107,47
DA:108,47
BRDA:108,10,0,6
BRDA:108,10,1,41
DA:114,3
FN:114,RuleSanctionsListBase._transferredFrom
FNDA:3,RuleSanctionsListBase._transferredFrom
DA:120,3
DA:121,3
BRDA:121,11,0,2
BRDA:121,11,1,1
DA:127,37
FN:127,RuleSanctionsListBase._setSanctionListOracle
FNDA:37,RuleSanctionsListBase._setSanctionListOracle
DA:128,37
DA:129,37
DA:136,3
FN:136,RuleSanctionsListBase.onlySanctionListManager
FNDA:3,RuleSanctionsListBase.onlySanctionListManager
DA:137,3
FNF:13
FNH:13
LF:47
LH:47
BRF:18
BRH:18
end_of_record
TN:
SF:src/rules/validation/abstract/base/RuleWhitelistBase.sol
DA:15,157
FN:15,RuleWhitelistBase.constructor
FNDA:157,RuleWhitelistBase.constructor
DA:16,157
DA:19,51
FN:19,RuleWhitelistBase._detectTransferRestriction
FNDA:51,RuleWhitelistBase._detectTransferRestriction
DA:26,51
BRDA:26,0,0,13
BRDA:26,0,1,28
DA:27,13
DA:28,38
BRDA:28,1,0,10
DA:29,10
DA:31,28
DA:34,18
FN:34,RuleWhitelistBase._detectTransferRestrictionFrom
FNDA:18,RuleWhitelistBase._detectTransferRestrictionFrom
DA:41,18
BRDA:41,2,0,8
DA:42,8
DA:44,10
DA:48,2
FN:48,RuleWhitelistBase.isVerified
FNDA:2,RuleWhitelistBase.isVerified
DA:55,2
DA:58,3
FN:58,RuleWhitelistBase.setCheckSpender
FNDA:3,RuleWhitelistBase.setCheckSpender
DA:59,2
DA:60,2
DA:63,2
FN:63,RuleWhitelistBase._setCheckSpender
FNDA:2,RuleWhitelistBase._setCheckSpender
DA:64,2
DA:67,27
FN:67,RuleWhitelistBase.supportsInterface
FNDA:27,RuleWhitelistBase.supportsInterface
DA:68,27
DA:75,3
FN:75,RuleWhitelistBase.onlyCheckSpenderManager
FNDA:3,RuleWhitelistBase.onlyCheckSpenderManager
DA:76,3
FNF:8
FNH:8
LF:23
LH:23
BRF:4
BRH:4
end_of_record
TN:
SF:src/rules/validation/abstract/base/RuleWhitelistWrapperBase.sol
DA:36,44
FN:36,RuleWhitelistWrapperBase.constructor
FNDA:44,RuleWhitelistWrapperBase.constructor
DA:39,44
DA:50,34
FN:50,RuleWhitelistWrapperBase._detectTransferRestriction
FNDA:34,RuleWhitelistWrapperBase._detectTransferRestriction
DA:57,34
DA:58,34
DA:59,34
DA:61,34
DA:62,34
BRDA:62,0,0,13
BRDA:62,0,1,13
DA:63,13
DA:64,21
BRDA:64,1,0,8
BRDA:64,1,1,13
DA:65,8
DA:67,13
DA:71,20
FN:71,RuleWhitelistWrapperBase._detectTransferRestrictionFrom
FNDA:20,RuleWhitelistWrapperBase._detectTransferRestrictionFrom
DA:78,20
BRDA:78,2,0,1
DA:79,1
DA:82,19
DA:83,19
DA:84,19
DA:85,19
DA:87,19
DA:89,19
BRDA:89,3,0,1
BRDA:89,3,1,9
DA:90,1
DA:91,18
BRDA:91,4,0,1
BRDA:91,4,1,9
DA:92,1
DA:93,17
BRDA:93,5,0,8
BRDA:93,5,1,9
DA:94,8
DA:96,9
DA:102,62
FN:102,RuleWhitelistWrapperBase.supportsInterface
FNDA:62,RuleWhitelistWrapperBase.supportsInterface
DA:109,62
DA:116,4
FN:116,RuleWhitelistWrapperBase.isVerified
FNDA:4,RuleWhitelistWrapperBase.isVerified
DA:123,4
DA:124,4
DA:125,4
DA:126,4
DA:139,4
FN:139,RuleWhitelistWrapperBase.setCheckSpender
FNDA:4,RuleWhitelistWrapperBase.setCheckSpender
DA:140,3
DA:141,3
DA:144,13
FN:144,RuleWhitelistWrapperBase._transferred.0
FNDA:13,RuleWhitelistWrapperBase._transferred.0
DA:150,13
DA:153,1
FN:153,RuleWhitelistWrapperBase._transferred.1
FNDA:1,RuleWhitelistWrapperBase._transferred.1
DA:159,1
DA:171,57
FN:171,RuleWhitelistWrapperBase._detectTransferRestrictionForTargets
FNDA:57,RuleWhitelistWrapperBase._detectTransferRestrictionForTargets
DA:177,57
DA:178,57
DA:179,57
DA:182,105
DA:183,105
DA:184,85
BRDA:184,6,0,85
DA:185,85
DA:190,105
DA:191,105
DA:192,201
BRDA:192,7,0,81
DA:193,81
DA:194,81
DA:197,24
BRDA:197,8,0,24
DA:198,24
DA:201,57
DA:208,3
FN:208,RuleWhitelistWrapperBase._setCheckSpender
FNDA:3,RuleWhitelistWrapperBase._setCheckSpender
DA:209,3
DA:216,4
FN:216,RuleWhitelistWrapperBase.onlyCheckSpenderManager
FNDA:4,RuleWhitelistWrapperBase.onlyCheckSpenderManager
DA:217,4
DA:230,145
FN:230,RuleWhitelistWrapperBase._msgSender
FNDA:145,RuleWhitelistWrapperBase._msgSender
DA:231,145
DA:237,2
FN:237,RuleWhitelistWrapperBase._msgData
FNDA:2,RuleWhitelistWrapperBase._msgData
DA:238,2
DA:244,147
FN:244,RuleWhitelistWrapperBase._contextSuffixLength
FNDA:147,RuleWhitelistWrapperBase._contextSuffixLength
DA:245,147
FNF:14
FNH:14
LF:67
LH:67
BRF:14
BRH:14
end_of_record
TN:
SF:src/rules/validation/abstract/core/RuleNFTAdapter.sol
DA:40,16
FN:40,RuleNFTAdapter.detectTransferRestriction
FNDA:16,RuleNFTAdapter.detectTransferRestriction
DA:47,16
DA:53,12
FN:53,RuleNFTAdapter.detectTransferRestrictionFrom
FNDA:12,RuleNFTAdapter.detectTransferRestrictionFrom
DA:60,12
DA:66,14
FN:66,RuleNFTAdapter.canTransfer
FNDA:14,RuleNFTAdapter.canTransfer
DA:72,14
DA:78,10
FN:78,RuleNFTAdapter.canTransferFrom
FNDA:10,RuleNFTAdapter.canTransferFrom
DA:85,10
DA:92,13
FN:92,RuleNFTAdapter.transferred.0
FNDA:13,RuleNFTAdapter.transferred.0
DA:97,13
DA:103,8
FN:103,RuleNFTAdapter.transferred.1
FNDA:8,RuleNFTAdapter.transferred.1
DA:108,8
DA:114,2
FN:114,RuleNFTAdapter.transferred.2
FNDA:2,RuleNFTAdapter.transferred.2
DA:115,2
BRDA:115,0,0,1
BRDA:115,0,1,1
DA:116,1
DA:118,1
DA:125,2
FN:125,RuleNFTAdapter.transferred.3
FNDA:2,RuleNFTAdapter.transferred.3
DA:126,2
BRDA:126,1,0,1
BRDA:126,1,1,1
DA:127,1
DA:129,1
FNF:8
FNH:8
LF:20
LH:20
BRF:4
BRH:4
end_of_record
TN:
SF:src/rules/validation/abstract/core/RuleTransferValidation.sol
DA:46,348
FN:46,RuleTransferValidation.detectTransferRestriction
FNDA:348,RuleTransferValidation.detectTransferRestriction
DA:53,348
DA:59,36
FN:59,RuleTransferValidation.detectTransferRestrictionFrom
FNDA:36,RuleTransferValidation.detectTransferRestrictionFrom
DA:66,36
DA:77,20
FN:77,RuleTransferValidation.canTransfer
FNDA:20,RuleTransferValidation.canTransfer
DA:83,20
DA:89,12
FN:89,RuleTransferValidation.canTransferFrom
FNDA:12,RuleTransferValidation.canTransferFrom
DA:96,12
DA:100,195
FN:100,RuleTransferValidation.supportsInterface
FNDA:195,RuleTransferValidation.supportsInterface
DA:101,195
FNF:5
FNH:5
LF:10
LH:10
BRF:0
BRH:0
end_of_record
TN:
SF:src/rules/validation/abstract/core/RuleWhitelistShared.sol
DA:33,10
FN:33,RuleWhitelistShared.canReturnTransferRestrictionCode
FNDA:10,RuleWhitelistShared.canReturnTransferRestrictionCode
DA:34,10
DA:35,5
DA:45,14
FN:45,RuleWhitelistShared.messageForTransferRestriction
FNDA:14,RuleWhitelistShared.messageForTransferRestriction
DA:51,14
BRDA:51,0,0,6
BRDA:51,0,1,2
DA:52,6
DA:53,8
BRDA:53,1,0,4
BRDA:53,1,1,2
DA:54,4
DA:55,4
BRDA:55,2,0,2
BRDA:55,2,1,2
DA:56,2
DA:58,2
DA:75,19
FN:75,RuleWhitelistShared.transferred.0
FNDA:19,RuleWhitelistShared.transferred.0
DA:76,19
DA:90,4
FN:90,RuleWhitelistShared.transferred.1
FNDA:4,RuleWhitelistShared.transferred.1
DA:91,4
DA:94,26
FN:94,RuleWhitelistShared._transferred
FNDA:26,RuleWhitelistShared._transferred
DA:95,26
DA:96,26
BRDA:96,3,0,14
BRDA:96,3,1,12
DA:102,11
FN:102,RuleWhitelistShared._transferredFrom
FNDA:11,RuleWhitelistShared._transferredFrom
DA:108,11
DA:109,11
BRDA:109,4,0,4
BRDA:109,4,1,7
FNF:6
FNH:6
LF:21
LH:21
BRF:10
BRH:10
end_of_record
TN:
SF:src/rules/validation/deployment/RuleBlacklist.sol
DA:28,91
FN:28,RuleBlacklist.supportsInterface
FNDA:91,RuleBlacklist.supportsInterface
DA:35,91
DA:38,28
FN:38,RuleBlacklist._authorizeAddressListAdd
FNDA:28,RuleBlacklist._authorizeAddressListAdd
DA:40,1
FN:40,RuleBlacklist._authorizeAddressListRemove
FNDA:1,RuleBlacklist._authorizeAddressListRemove
DA:42,83
FN:42,RuleBlacklist._msgSender
FNDA:83,RuleBlacklist._msgSender
DA:43,83
DA:46,1
FN:46,RuleBlacklist._msgData
FNDA:1,RuleBlacklist._msgData
DA:47,1
DA:50,84
FN:50,RuleBlacklist._contextSuffixLength
FNDA:84,RuleBlacklist._contextSuffixLength
DA:51,84
FNF:6
FNH:6
LF:10
LH:10
BRF:0
BRH:0
end_of_record
TN:
SF:src/rules/validation/deployment/RuleBlacklistOwnable2Step.sol
DA:20,2
FN:20,RuleBlacklistOwnable2Step._authorizeAddressListAdd
FNDA:2,RuleBlacklistOwnable2Step._authorizeAddressListAdd
DA:22,2
FN:22,RuleBlacklistOwnable2Step._authorizeAddressListRemove
FNDA:2,RuleBlacklistOwnable2Step._authorizeAddressListRemove
DA:24,12
FN:24,RuleBlacklistOwnable2Step._msgSender
FNDA:12,RuleBlacklistOwnable2Step._msgSender
DA:25,12
DA:28,1
FN:28,RuleBlacklistOwnable2Step._msgData
FNDA:1,RuleBlacklistOwnable2Step._msgData
DA:29,1
DA:32,13
FN:32,RuleBlacklistOwnable2Step._contextSuffixLength
FNDA:13,RuleBlacklistOwnable2Step._contextSuffixLength
DA:33,13
FNF:5
FNH:5
LF:8
LH:8
BRF:0
BRH:0
end_of_record
TN:
SF:src/rules/validation/deployment/RuleERC2980.sol
DA:50,1
FN:50,RuleERC2980.supportsInterface
FNDA:1,RuleERC2980.supportsInterface
DA:57,1
DA:64,42
FN:64,RuleERC2980._authorizeWhitelistAdd
FNDA:42,RuleERC2980._authorizeWhitelistAdd
DA:66,8
FN:66,RuleERC2980._authorizeWhitelistRemove
FNDA:8,RuleERC2980._authorizeWhitelistRemove
DA:68,22
FN:68,RuleERC2980._authorizeFrozenlistAdd
FNDA:22,RuleERC2980._authorizeFrozenlistAdd
DA:70,7
FN:70,RuleERC2980._authorizeFrozenlistRemove
FNDA:7,RuleERC2980._authorizeFrozenlistRemove
DA:72,237
FN:72,RuleERC2980._msgSender
FNDA:237,RuleERC2980._msgSender
DA:73,237
DA:76,1
FN:76,RuleERC2980._msgData
FNDA:1,RuleERC2980._msgData
DA:77,1
DA:80,238
FN:80,RuleERC2980._contextSuffixLength
FNDA:238,RuleERC2980._contextSuffixLength
DA:81,238
FNF:8
FNH:8
LF:12
LH:12
BRF:0
BRH:0
end_of_record
TN:
SF:src/rules/validation/deployment/RuleERC2980Ownable2Step.sol
DA:20,7
FN:20,RuleERC2980Ownable2Step._authorizeWhitelistAdd
FNDA:7,RuleERC2980Ownable2Step._authorizeWhitelistAdd
DA:22,3
FN:22,RuleERC2980Ownable2Step._authorizeWhitelistRemove
FNDA:3,RuleERC2980Ownable2Step._authorizeWhitelistRemove
DA:24,6
FN:24,RuleERC2980Ownable2Step._authorizeFrozenlistAdd
FNDA:6,RuleERC2980Ownable2Step._authorizeFrozenlistAdd
DA:26,2
FN:26,RuleERC2980Ownable2Step._authorizeFrozenlistRemove
FNDA:2,RuleERC2980Ownable2Step._authorizeFrozenlistRemove
DA:28,30
FN:28,RuleERC2980Ownable2Step._msgSender
FNDA:30,RuleERC2980Ownable2Step._msgSender
DA:29,30
DA:32,1
FN:32,RuleERC2980Ownable2Step._msgData
FNDA:1,RuleERC2980Ownable2Step._msgData
DA:33,1
DA:36,31
FN:36,RuleERC2980Ownable2Step._contextSuffixLength
FNDA:31,RuleERC2980Ownable2Step._contextSuffixLength
DA:37,31
FNF:7
FNH:7
LF:10
LH:10
BRF:0
BRH:0
end_of_record
TN:
SF:src/rules/validation/deployment/RuleIdentityRegistry.sol
DA:20,15
FN:20,RuleIdentityRegistry.supportsInterface
FNDA:15,RuleIdentityRegistry.supportsInterface
DA:27,15
DA:28,10
DA:35,5
FN:35,RuleIdentityRegistry._authorizeIdentityRegistryManager
FNDA:5,RuleIdentityRegistry._authorizeIdentityRegistryManager
FNF:2
FNH:2
LF:4
LH:4
BRF:0
BRH:0
end_of_record
TN:
SF:src/rules/validation/deployment/RuleIdentityRegistryOwnable2Step.sol
DA:15,4
FN:15,RuleIdentityRegistryOwnable2Step._authorizeIdentityRegistryManager
FNDA:4,RuleIdentityRegistryOwnable2Step._authorizeIdentityRegistryManager
FNF:1
FNH:1
LF:1
LH:1
BRF:0
BRH:0
end_of_record
TN:
SF:src/rules/validation/deployment/RuleMaxTotalSupply.sol
DA:24,15
FN:24,RuleMaxTotalSupply.supportsInterface
FNDA:15,RuleMaxTotalSupply.supportsInterface
DA:31,15
DA:32,10
DA:39,260
FN:39,RuleMaxTotalSupply._authorizeMaxTotalSupplyManager
FNDA:260,RuleMaxTotalSupply._authorizeMaxTotalSupplyManager
FNF:2
FNH:2
LF:4
LH:4
BRF:0
BRH:0
end_of_record
TN:
SF:src/rules/validation/deployment/RuleMaxTotalSupplyOwnable2Step.sol
DA:18,4
FN:18,RuleMaxTotalSupplyOwnable2Step._authorizeMaxTotalSupplyManager
FNDA:4,RuleMaxTotalSupplyOwnable2Step._authorizeMaxTotalSupplyManager
FNF:1
FNH:1
LF:1
LH:1
BRF:0
BRH:0
end_of_record
TN:
SF:src/rules/validation/deployment/RuleSanctionsList.sol
DA:26,58
FN:26,RuleSanctionsList.supportsInterface
FNDA:58,RuleSanctionsList.supportsInterface
DA:33,58
DA:34,39
DA:41,17
FN:41,RuleSanctionsList._authorizeSanctionListManager
FNDA:17,RuleSanctionsList._authorizeSanctionListManager
DA:47,57
FN:47,RuleSanctionsList._msgSender
FNDA:57,RuleSanctionsList._msgSender
DA:48,57
DA:51,1
FN:51,RuleSanctionsList._msgData
FNDA:1,RuleSanctionsList._msgData
DA:52,1
DA:55,58
FN:55,RuleSanctionsList._contextSuffixLength
FNDA:58,RuleSanctionsList._contextSuffixLength
DA:56,58
FNF:5
FNH:5
LF:10
LH:10
BRF:0
BRH:0
end_of_record
TN:
SF:src/rules/validation/deployment/RuleSanctionsListOwnable2Step.sol
DA:21,3
FN:21,RuleSanctionsListOwnable2Step._authorizeSanctionListManager
FNDA:3,RuleSanctionsListOwnable2Step._authorizeSanctionListManager
DA:23,11
FN:23,RuleSanctionsListOwnable2Step._msgSender
FNDA:11,RuleSanctionsListOwnable2Step._msgSender
DA:24,11
DA:27,1
FN:27,RuleSanctionsListOwnable2Step._msgData
FNDA:1,RuleSanctionsListOwnable2Step._msgData
DA:28,1
DA:31,13
FN:31,RuleSanctionsListOwnable2Step._contextSuffixLength
FNDA:13,RuleSanctionsListOwnable2Step._contextSuffixLength
DA:32,13
FNF:4
FNH:4
LF:7
LH:7
BRF:0
BRH:0
end_of_record
TN:
SF:src/rules/validation/deployment/RuleWhitelist.sol
DA:42,40
FN:42,RuleWhitelist.supportsInterface
FNDA:40,RuleWhitelist.supportsInterface
DA:49,40
DA:56,1
FN:56,RuleWhitelist._authorizeCheckSpenderManager
FNDA:1,RuleWhitelist._authorizeCheckSpenderManager
DA:58,348
FN:58,RuleWhitelist._authorizeAddressListAdd
FNDA:348,RuleWhitelist._authorizeAddressListAdd
DA:60,263
FN:60,RuleWhitelist._authorizeAddressListRemove
FNDA:263,RuleWhitelist._authorizeAddressListRemove
DA:62,772
FN:62,RuleWhitelist._msgSender
FNDA:772,RuleWhitelist._msgSender
DA:63,772
DA:66,1
FN:66,RuleWhitelist._msgData
FNDA:1,RuleWhitelist._msgData
DA:67,1
DA:70,773
FN:70,RuleWhitelist._contextSuffixLength
FNDA:773,RuleWhitelist._contextSuffixLength
DA:71,773
FNF:7
FNH:7
LF:11
LH:11
BRF:0
BRH:0
end_of_record
TN:
SF:src/rules/validation/deployment/RuleWhitelistOwnable2Step.sol
DA:20,2
FN:20,RuleWhitelistOwnable2Step._authorizeAddressListAdd
FNDA:2,RuleWhitelistOwnable2Step._authorizeAddressListAdd
DA:22,2
FN:22,RuleWhitelistOwnable2Step._authorizeAddressListRemove
FNDA:2,RuleWhitelistOwnable2Step._authorizeAddressListRemove
DA:24,2
FN:24,RuleWhitelistOwnable2Step._authorizeCheckSpenderManager
FNDA:2,RuleWhitelistOwnable2Step._authorizeCheckSpenderManager
DA:26,15
FN:26,RuleWhitelistOwnable2Step._msgSender
FNDA:15,RuleWhitelistOwnable2Step._msgSender
DA:27,15
DA:30,1
FN:30,RuleWhitelistOwnable2Step._msgData
FNDA:1,RuleWhitelistOwnable2Step._msgData
DA:31,1
DA:34,16
FN:34,RuleWhitelistOwnable2Step._contextSuffixLength
FNDA:16,RuleWhitelistOwnable2Step._contextSuffixLength
DA:35,16
FNF:6
FNH:6
LF:9
LH:9
BRF:0
BRH:0
end_of_record
TN:
SF:src/rules/validation/deployment/RuleWhitelistWrapper.sol
DA:37,38
FN:37,RuleWhitelistWrapper.hasRole
FNDA:38,RuleWhitelistWrapper.hasRole
DA:44,134
DA:47,2
FN:47,RuleWhitelistWrapper._authorizeCheckSpenderManager
FNDA:2,RuleWhitelistWrapper._authorizeCheckSpenderManager
DA:52,90
FN:52,RuleWhitelistWrapper._onlyRulesManager
FNDA:90,RuleWhitelistWrapper._onlyRulesManager
DA:58,133
FN:58,RuleWhitelistWrapper._msgSender
FNDA:133,RuleWhitelistWrapper._msgSender
DA:59,133
DA:62,1
FN:62,RuleWhitelistWrapper._msgData
FNDA:1,RuleWhitelistWrapper._msgData
DA:63,1
DA:66,134
FN:66,RuleWhitelistWrapper._contextSuffixLength
FNDA:134,RuleWhitelistWrapper._contextSuffixLength
DA:67,134
DA:70,46
FN:70,RuleWhitelistWrapper.supportsInterface
FNDA:46,RuleWhitelistWrapper.supportsInterface
DA:77,46
DA:78,16
DA:81,38
FN:81,RuleWhitelistWrapper._grantRole
FNDA:38,RuleWhitelistWrapper._grantRole
DA:87,38
DA:90,1
FN:90,RuleWhitelistWrapper._revokeRole
FNDA:1,RuleWhitelistWrapper._revokeRole
DA:96,1
FNF:9
FNH:9
LF:17
LH:17
BRF:0
BRH:0
end_of_record
TN:
SF:src/rules/validation/deployment/RuleWhitelistWrapperOwnable2Step.sol
DA:28,2
FN:28,RuleWhitelistWrapperOwnable2Step._authorizeCheckSpenderManager
FNDA:2,RuleWhitelistWrapperOwnable2Step._authorizeCheckSpenderManager
DA:33,2
FN:33,RuleWhitelistWrapperOwnable2Step._onlyRulesManager
FNDA:2,RuleWhitelistWrapperOwnable2Step._onlyRulesManager
DA:39,12
FN:39,RuleWhitelistWrapperOwnable2Step._msgSender
FNDA:12,RuleWhitelistWrapperOwnable2Step._msgSender
DA:40,12
DA:43,1
FN:43,RuleWhitelistWrapperOwnable2Step._msgData
FNDA:1,RuleWhitelistWrapperOwnable2Step._msgData
DA:44,1
DA:47,13
FN:47,RuleWhitelistWrapperOwnable2Step._contextSuffixLength
FNDA:13,RuleWhitelistWrapperOwnable2Step._contextSuffixLength
DA:48,13
FNF:5
FNH:5
LF:8
LH:8
BRF:0
BRH:0
end_of_record
