TN:
SF:src/modules/AccessControlModuleStandalone.sol
DA:27,430
FN:27,AccessControlModuleStandalone.constructor
FNDA:430,AccessControlModuleStandalone.constructor
DA:28,430
BRDA:28,0,0,6
BRDA:28,0,1,424
DA:32,424
DA:42,540
FN:42,AccessControlModuleStandalone.hasRole
FNDA:540,AccessControlModuleStandalone.hasRole
DA:51,3627
BRDA:51,1,0,3104
BRDA:51,1,1,523
DA:52,3104
DA:54,523
FNF:2
FNH:2
LF:7
LH:7
BRF:4
BRH:4
end_of_record
TN:
SF:src/modules/VersionModule.sol
DA:18,7
FN:18,VersionModule.version
FNDA:7,VersionModule.version
DA:19,7
FNF:1
FNH:1
LF:2
LH:2
BRF:0
BRH:0
end_of_record
TN:
SF:src/rules/operation/RuleConditionalTransferLight.sol
DA:33,21
FN:33,RuleConditionalTransferLight.supportsInterface
FNDA:21,RuleConditionalTransferLight.supportsInterface
DA:40,21
DA:41,20
DA:42,19
DA:43,13
DA:44,12
DA:45,11
DA:52,1924
FN:52,RuleConditionalTransferLight._authorizeTransferApproval
FNDA:1924,RuleConditionalTransferLight._authorizeTransferApproval
DA:54,25
FN:54,RuleConditionalTransferLight._onlyComplianceManager
FNDA:25,RuleConditionalTransferLight._onlyComplianceManager
FNF:3
FNH:3
LF:9
LH:9
BRF:0
BRH:0
end_of_record
TN:
SF:src/rules/operation/RuleConditionalTransferLightOwnable2Step.sol
DA:29,7
FN:29,RuleConditionalTransferLightOwnable2Step.supportsInterface
FNDA:7,RuleConditionalTransferLightOwnable2Step.supportsInterface
DA:30,7
DA:31,6
DA:32,5
DA:33,4
DA:34,3
DA:35,2
DA:42,4
FN:42,RuleConditionalTransferLightOwnable2Step._authorizeTransferApproval
FNDA:4,RuleConditionalTransferLightOwnable2Step._authorizeTransferApproval
DA:44,3
FN:44,RuleConditionalTransferLightOwnable2Step._onlyComplianceManager
FNDA:3,RuleConditionalTransferLightOwnable2Step._onlyComplianceManager
FNF:3
FNH:3
LF:9
LH:9
BRF:0
BRH:0
end_of_record
TN:
SF:src/rules/operation/abstract/RuleConditionalTransferLightApprovalBase.sol
DA:20,4
FN:20,RuleConditionalTransferLightApprovalBase.onlyTransferApprover
FNDA:4,RuleConditionalTransferLightApprovalBase.onlyTransferApprover
DA:21,4
DA:25,3
FN:25,RuleConditionalTransferLightApprovalBase.onlyTransferExecutor
FNDA:3,RuleConditionalTransferLightApprovalBase.onlyTransferExecutor
DA:26,3
DA:30,0
FN:30,RuleConditionalTransferLightApprovalBase._authorizeTransferApproval
FNDA:0,RuleConditionalTransferLightApprovalBase._authorizeTransferApproval
DA:32,0
FN:32,RuleConditionalTransferLightApprovalBase._authorizeTransferExecution
FNDA:0,RuleConditionalTransferLightApprovalBase._authorizeTransferExecution
DA:38,3
FN:38,RuleConditionalTransferLightApprovalBase.transferred
FNDA:3,RuleConditionalTransferLightApprovalBase.transferred
DA:39,3
DA:46,1917
FN:46,RuleConditionalTransferLightApprovalBase.approveTransfer
FNDA:1917,RuleConditionalTransferLightApprovalBase.approveTransfer
DA:47,1918
DA:48,1918
DA:49,1918
DA:52,4
FN:52,RuleConditionalTransferLightApprovalBase.cancelTransferApproval
FNDA:4,RuleConditionalTransferLightApprovalBase.cancelTransferApproval
DA:53,3
DA:54,3
DA:55,3
BRDA:55,0,0,1
BRDA:55,0,1,2
DA:56,2
DA:57,2
DA:60,263
FN:60,RuleConditionalTransferLightApprovalBase.approvedCount
FNDA:263,RuleConditionalTransferLightApprovalBase.approvedCount
DA:61,263
DA:62,263
DA:69,3
FN:69,RuleConditionalTransferLightApprovalBase._transferredFromContext
FNDA:3,RuleConditionalTransferLightApprovalBase._transferredFromContext
DA:70,3
DA:73,850
FN:73,RuleConditionalTransferLightApprovalBase._transferred
FNDA:850,RuleConditionalTransferLightApprovalBase._transferred
DA:74,850
BRDA:74,1,0,850
DA:75,850
DA:77,846
DA:78,846
DA:80,846
BRDA:80,2,0,3
BRDA:80,2,1,843
DA:82,843
DA:83,843
DA:86,3039
FN:86,RuleConditionalTransferLightApprovalBase._transferHash
FNDA:3039,RuleConditionalTransferLightApprovalBase._transferHash
DA:89,3039
DA:90,3039
DA:91,3039
DA:92,3039
DA:93,3039
FNF:11
FNH:9
LF:37
LH:35
BRF:5
BRH:5
end_of_record
TN:
SF:src/rules/operation/abstract/RuleConditionalTransferLightBase.sol
DA:32,1
FN:32,RuleConditionalTransferLightBase.canReturnTransferRestrictionCode
FNDA:1,RuleConditionalTransferLightBase.canReturnTransferRestrictionCode
DA:33,1
DA:36,2
FN:36,RuleConditionalTransferLightBase.messageForTransferRestriction
FNDA:2,RuleConditionalTransferLightBase.messageForTransferRestriction
DA:42,2
BRDA:42,0,0,1
DA:43,1
DA:45,1
DA:48,1
FN:48,RuleConditionalTransferLightBase.created
FNDA:1,RuleConditionalTransferLightBase.created
DA:49,1
DA:52,1
FN:52,RuleConditionalTransferLightBase.destroyed
FNDA:1,RuleConditionalTransferLightBase.destroyed
DA:53,1
DA:66,4
FN:66,RuleConditionalTransferLightBase.approveAndTransferIfAllowed
FNDA:4,RuleConditionalTransferLightBase.approveAndTransferIfAllowed
DA:71,4
DA:72,4
BRDA:72,1,0,1
BRDA:72,1,1,3
DA:74,3
DA:76,3
DA:77,3
BRDA:77,2,0,1
BRDA:77,2,1,2
DA:79,2
DA:80,1
DA:83,846
FN:83,RuleConditionalTransferLightBase.transferred.0
FNDA:846,RuleConditionalTransferLightBase.transferred.0
DA:88,844
DA:91,1
FN:91,RuleConditionalTransferLightBase.transferred.1
FNDA:1,RuleConditionalTransferLightBase.transferred.1
DA:102,1
DA:114,27
FN:114,RuleConditionalTransferLightBase.bindToken
FNDA:27,RuleConditionalTransferLightBase.bindToken
DA:115,26
BRDA:115,3,0,1
BRDA:115,3,1,25
DA:116,25
DA:119,7
FN:119,RuleConditionalTransferLightBase.detectTransferRestriction
FNDA:7,RuleConditionalTransferLightBase.detectTransferRestriction
DA:125,13
BRDA:125,4,0,4
DA:126,4
DA:128,9
DA:129,9
BRDA:129,5,0,6
DA:130,6
DA:132,3
DA:135,1
FN:135,RuleConditionalTransferLightBase.detectTransferRestrictionFrom
FNDA:1,RuleConditionalTransferLightBase.detectTransferRestrictionFrom
DA:147,2
DA:150,4
FN:150,RuleConditionalTransferLightBase.canTransfer
FNDA:4,RuleConditionalTransferLightBase.canTransfer
DA:156,4
DA:159,1
FN:159,RuleConditionalTransferLightBase.canTransferFrom
FNDA:1,RuleConditionalTransferLightBase.canTransferFrom
DA:165,1
DA:173,850
FN:173,RuleConditionalTransferLightBase._authorizeTransferExecution
FNDA:850,RuleConditionalTransferLightBase._authorizeTransferExecution
DA:174,850
BRDA:174,6,0,2
BRDA:174,6,1,848
FNF:13
FNH:13
LF:40
LH:40
BRF:11
BRH:11
end_of_record
TN:
SF:src/rules/validation/abstract/RuleAddressSet/RuleAddressSet.sol
DA:40,275
FN:40,RuleAddressSet.onlyAddressListAdd
FNDA:275,RuleAddressSet.onlyAddressListAdd
DA:41,275
DA:45,12
FN:45,RuleAddressSet.onlyAddressListRemove
FNDA:12,RuleAddressSet.onlyAddressListRemove
DA:46,12
DA:50,0
FN:50,RuleAddressSet._authorizeAddressListAdd
FNDA:0,RuleAddressSet._authorizeAddressListAdd
DA:52,0
FN:52,RuleAddressSet._authorizeAddressListRemove
FNDA:0,RuleAddressSet._authorizeAddressListRemove
DA:65,275
FN:65,RuleAddressSet.addAddresses
FNDA:275,RuleAddressSet.addAddresses
DA:66,274
DA:67,274
DA:77,260
FN:77,RuleAddressSet.removeAddresses
FNDA:260,RuleAddressSet.removeAddresses
DA:78,259
DA:79,259
DA:89,117
FN:89,RuleAddressSet.addAddress
FNDA:117,RuleAddressSet.addAddress
DA:90,112
BRDA:90,0,0,1
BRDA:90,0,1,111
DA:91,111
DA:92,111
DA:102,12
FN:102,RuleAddressSet.removeAddress
FNDA:12,RuleAddressSet.removeAddress
DA:103,7
BRDA:103,1,0,1
BRDA:103,1,1,6
DA:104,6
DA:105,6
DA:112,536
FN:112,RuleAddressSet.listedAddressCount
FNDA:536,RuleAddressSet.listedAddressCount
DA:113,536
DA:121,2
FN:121,RuleAddressSet.contains
FNDA:2,RuleAddressSet.contains
DA:122,2
DA:130,73
FN:130,RuleAddressSet.isAddressListed
FNDA:73,RuleAddressSet.isAddressListed
DA:131,393
DA:139,108
FN:139,RuleAddressSet.areAddressesListed
FNDA:108,RuleAddressSet.areAddressesListed
DA:140,108
DA:141,108
DA:142,244
DA:151,931
FN:151,RuleAddressSet._msgSender
FNDA:931,RuleAddressSet._msgSender
DA:152,931
DA:156,6
FN:156,RuleAddressSet._msgData
FNDA:6,RuleAddressSet._msgData
DA:157,6
DA:161,939
FN:161,RuleAddressSet._contextSuffixLength
FNDA:939,RuleAddressSet._contextSuffixLength
DA:162,939
FNF:15
FNH:13
LF:36
LH:34
BRF:4
BRH:4
end_of_record
TN:
SF:src/rules/validation/abstract/RuleAddressSet/RuleAddressSetInternal.sol
DA:38,274
FN:38,RuleAddressSetInternal._addAddresses
FNDA:274,RuleAddressSetInternal._addAddresses
DA:39,274
DA:40,806
BRDA:40,0,0,548
BRDA:40,0,1,258
DA:41,548
DA:43,258
DA:57,259
FN:57,RuleAddressSetInternal._removeAddresses
FNDA:259,RuleAddressSetInternal._removeAddresses
DA:61,259
DA:62,775
BRDA:62,1,0,518
BRDA:62,1,1,257
DA:63,518
DA:65,257
DA:74,113
FN:74,RuleAddressSetInternal._addAddress
FNDA:113,RuleAddressSetInternal._addAddress
DA:75,113
DA:82,6
FN:82,RuleAddressSetInternal._removeAddress
FNDA:6,RuleAddressSetInternal._removeAddress
DA:83,6
DA:90,536
FN:90,RuleAddressSetInternal._listedAddressCount
FNDA:536,RuleAddressSetInternal._listedAddressCount
DA:91,536
DA:99,773
FN:99,RuleAddressSetInternal._isAddressListed
FNDA:773,RuleAddressSetInternal._isAddressListed
DA:100,773
FNF:6
FNH:6
LF:18
LH:18
BRF:4
BRH:4
end_of_record
TN:
SF:src/rules/validation/abstract/RuleERC2980/RuleERC2980Internal.sol
DA:33,4
FN:33,RuleERC2980Internal._addWhitelistAddresses
FNDA:4,RuleERC2980Internal._addWhitelistAddresses
DA:37,4
DA:38,6
BRDA:38,0,0,5
BRDA:38,0,1,1
DA:39,5
DA:41,1
DA:46,3
FN:46,RuleERC2980Internal._removeWhitelistAddresses
FNDA:3,RuleERC2980Internal._removeWhitelistAddresses
DA:50,3
DA:51,3
BRDA:51,1,0,2
BRDA:51,1,1,1
DA:52,2
DA:54,1
DA:59,43
FN:59,RuleERC2980Internal._addWhitelistAddress
FNDA:43,RuleERC2980Internal._addWhitelistAddress
DA:60,43
DA:63,4
FN:63,RuleERC2980Internal._removeWhitelistAddress
FNDA:4,RuleERC2980Internal._removeWhitelistAddress
DA:64,4
DA:67,89
FN:67,RuleERC2980Internal._isWhitelisted
FNDA:89,RuleERC2980Internal._isWhitelisted
DA:68,89
DA:71,5
FN:71,RuleERC2980Internal._whitelistCount
FNDA:5,RuleERC2980Internal._whitelistCount
DA:72,5
DA:79,4
FN:79,RuleERC2980Internal._addFrozenlistAddresses
FNDA:4,RuleERC2980Internal._addFrozenlistAddresses
DA:83,4
DA:84,6
BRDA:84,2,0,5
BRDA:84,2,1,1
DA:85,5
DA:87,1
DA:92,2
FN:92,RuleERC2980Internal._removeFrozenlistAddresses
FNDA:2,RuleERC2980Internal._removeFrozenlistAddresses
DA:96,2
DA:97,2
BRDA:97,3,0,1
BRDA:97,3,1,1
DA:98,1
DA:100,1
DA:105,18
FN:105,RuleERC2980Internal._addFrozenlistAddress
FNDA:18,RuleERC2980Internal._addFrozenlistAddress
DA:106,18
DA:109,4
FN:109,RuleERC2980Internal._removeFrozenlistAddress
FNDA:4,RuleERC2980Internal._removeFrozenlistAddress
DA:110,4
DA:113,94
FN:113,RuleERC2980Internal._isFrozen
FNDA:94,RuleERC2980Internal._isFrozen
DA:114,94
DA:117,4
FN:117,RuleERC2980Internal._frozenlistCount
FNDA:4,RuleERC2980Internal._frozenlistCount
DA:118,4
FNF:12
FNH:12
LF:36
LH:36
BRF:8
BRH:8
end_of_record
TN:
SF:src/rules/validation/abstract/base/RuleBlacklistBase.sol
DA:32,58
FN:32,RuleBlacklistBase.transferred.0
FNDA:58,RuleBlacklistBase.transferred.0
DA:38,58
DA:45,2
FN:45,RuleBlacklistBase.transferred.1
FNDA:2,RuleBlacklistBase.transferred.1
DA:51,2
DA:54,4
FN:54,RuleBlacklistBase.canReturnTransferRestrictionCode
FNDA:4,RuleBlacklistBase.canReturnTransferRestrictionCode
DA:61,4
DA:62,1
DA:65,12
FN:65,RuleBlacklistBase.messageForTransferRestriction
FNDA:12,RuleBlacklistBase.messageForTransferRestriction
DA:72,12
BRDA:72,0,0,5
BRDA:72,0,1,3
DA:73,5
DA:74,7
BRDA:74,1,0,3
BRDA:74,1,1,3
DA:75,3
DA:76,4
BRDA:76,2,0,1
BRDA:76,2,1,3
DA:77,1
DA:79,3
DA:83,61
FN:83,RuleBlacklistBase.supportsInterface
FNDA:61,RuleBlacklistBase.supportsInterface
DA:84,61
DA:91,106
FN:91,RuleBlacklistBase._detectTransferRestriction
FNDA:106,RuleBlacklistBase._detectTransferRestriction
DA:101,106
BRDA:101,3,0,23
BRDA:101,3,1,64
DA:102,23
DA:103,83
BRDA:103,4,0,19
DA:104,19
DA:106,64
DA:109,22
FN:109,RuleBlacklistBase._detectTransferRestrictionFrom
FNDA:22,RuleBlacklistBase._detectTransferRestrictionFrom
DA:115,22
BRDA:115,5,0,8
DA:116,8
DA:118,14
DA:121,61
FN:121,RuleBlacklistBase._transferred
FNDA:61,RuleBlacklistBase._transferred
DA:122,61
DA:123,61
BRDA:123,6,0,15
BRDA:123,6,1,46
DA:129,4
FN:129,RuleBlacklistBase._transferredFrom
FNDA:4,RuleBlacklistBase._transferredFrom
DA:130,4
DA:131,4
BRDA:131,7,0,2
BRDA:131,7,1,2
FNF:9
FNH:9
LF:33
LH:33
BRF:14
BRH:14
end_of_record
TN:
SF:src/rules/validation/abstract/base/RuleERC2980Base.sol
DA:41,67
FN:41,RuleERC2980Base.constructor
FNDA:67,RuleERC2980Base.constructor
DA:42,2
BRDA:42,0,0,2
DA:43,2
DA:44,2
DA:52,6
FN:52,RuleERC2980Base.onlyWhitelistAdd
FNDA:6,RuleERC2980Base.onlyWhitelistAdd
DA:53,6
DA:57,7
FN:57,RuleERC2980Base.onlyWhitelistRemove
FNDA:7,RuleERC2980Base.onlyWhitelistRemove
DA:58,7
DA:62,6
FN:62,RuleERC2980Base.onlyFrozenlistAdd
FNDA:6,RuleERC2980Base.onlyFrozenlistAdd
DA:63,6
DA:67,2
FN:67,RuleERC2980Base.onlyFrozenlistRemove
FNDA:2,RuleERC2980Base.onlyFrozenlistRemove
DA:68,2
DA:72,0
FN:72,RuleERC2980Base._authorizeWhitelistAdd
FNDA:0,RuleERC2980Base._authorizeWhitelistAdd
DA:73,0
FN:73,RuleERC2980Base._authorizeWhitelistRemove
FNDA:0,RuleERC2980Base._authorizeWhitelistRemove
DA:74,0
FN:74,RuleERC2980Base._authorizeFrozenlistAdd
FNDA:0,RuleERC2980Base._authorizeFrozenlistAdd
DA:75,0
FN:75,RuleERC2980Base._authorizeFrozenlistRemove
FNDA:0,RuleERC2980Base._authorizeFrozenlistRemove
DA:85,6
FN:85,RuleERC2980Base.addWhitelistAddresses
FNDA:6,RuleERC2980Base.addWhitelistAddresses
DA:86,4
DA:87,4
DA:94,4
FN:94,RuleERC2980Base.removeWhitelistAddresses
FNDA:4,RuleERC2980Base.removeWhitelistAddresses
DA:95,3
DA:96,3
DA:107,45
FN:107,RuleERC2980Base.addWhitelistAddress
FNDA:45,RuleERC2980Base.addWhitelistAddress
DA:108,42
BRDA:108,1,0,1
BRDA:108,1,1,41
DA:109,41
DA:110,41
DA:121,7
FN:121,RuleERC2980Base.removeWhitelistAddress
FNDA:7,RuleERC2980Base.removeWhitelistAddress
DA:122,5
BRDA:122,2,0,1
BRDA:122,2,1,4
DA:123,4
DA:124,4
DA:135,6
FN:135,RuleERC2980Base.addFrozenlistAddresses
FNDA:6,RuleERC2980Base.addFrozenlistAddresses
DA:136,4
DA:137,4
DA:144,2
FN:144,RuleERC2980Base.removeFrozenlistAddresses
FNDA:2,RuleERC2980Base.removeFrozenlistAddresses
DA:145,2
DA:146,2
DA:157,22
FN:157,RuleERC2980Base.addFrozenlistAddress
FNDA:22,RuleERC2980Base.addFrozenlistAddress
DA:158,19
BRDA:158,3,0,1
BRDA:158,3,1,18
DA:159,18
DA:160,18
DA:171,7
FN:171,RuleERC2980Base.removeFrozenlistAddress
FNDA:7,RuleERC2980Base.removeFrozenlistAddress
DA:172,5
BRDA:172,4,0,1
BRDA:172,4,1,4
DA:173,4
DA:174,4
DA:181,4
FN:181,RuleERC2980Base.transferred.0
FNDA:4,RuleERC2980Base.transferred.0
DA:187,4
DA:190,2
FN:190,RuleERC2980Base.transferred.1
FNDA:2,RuleERC2980Base.transferred.1
DA:196,2
DA:199,5
FN:199,RuleERC2980Base.canReturnTransferRestrictionCode
FNDA:5,RuleERC2980Base.canReturnTransferRestrictionCode
DA:206,5
DA:207,3
DA:210,5
FN:210,RuleERC2980Base.messageForTransferRestriction
FNDA:5,RuleERC2980Base.messageForTransferRestriction
DA:217,5
BRDA:217,5,0,1
BRDA:217,5,1,1
DA:218,1
DA:219,4
BRDA:219,6,0,1
BRDA:219,6,1,1
DA:220,1
DA:221,3
BRDA:221,7,0,1
BRDA:221,7,1,1
DA:222,1
DA:223,2
BRDA:223,8,0,1
BRDA:223,8,1,1
DA:224,1
DA:226,1
DA:230,1
FN:230,RuleERC2980Base.supportsInterface
FNDA:1,RuleERC2980Base.supportsInterface
DA:231,1
DA:237,5
FN:237,RuleERC2980Base.whitelistAddressCount
FNDA:5,RuleERC2980Base.whitelistAddressCount
DA:238,5
DA:244,14
FN:244,RuleERC2980Base.isWhitelisted
FNDA:14,RuleERC2980Base.isWhitelisted
DA:245,14
DA:251,7
FN:251,RuleERC2980Base.whitelist
FNDA:7,RuleERC2980Base.whitelist
DA:252,7
DA:260,3
FN:260,RuleERC2980Base.isVerified
FNDA:3,RuleERC2980Base.isVerified
DA:261,3
DA:267,1
FN:267,RuleERC2980Base.areWhitelisted
FNDA:1,RuleERC2980Base.areWhitelisted
DA:268,1
DA:269,1
DA:270,2
DA:277,4
FN:277,RuleERC2980Base.frozenlistAddressCount
FNDA:4,RuleERC2980Base.frozenlistAddressCount
DA:278,4
DA:284,12
FN:284,RuleERC2980Base.isFrozen
FNDA:12,RuleERC2980Base.isFrozen
DA:285,12
DA:291,4
FN:291,RuleERC2980Base.frozenlist
FNDA:4,RuleERC2980Base.frozenlist
DA:292,4
DA:298,1
FN:298,RuleERC2980Base.areFrozen
FNDA:1,RuleERC2980Base.areFrozen
DA:299,1
DA:300,1
DA:301,2
DA:309,24
FN:309,RuleERC2980Base._detectTransferRestriction
FNDA:24,RuleERC2980Base._detectTransferRestriction
DA:321,24
BRDA:321,9,0,4
BRDA:321,9,1,16
DA:322,4
DA:323,20
BRDA:323,10,0,4
DA:324,4
DA:327,16
BRDA:327,11,0,5
DA:328,5
DA:330,11
DA:333,8
FN:333,RuleERC2980Base._detectTransferRestrictionFrom
FNDA:8,RuleERC2980Base._detectTransferRestrictionFrom
DA:340,8
BRDA:340,12,0,4
DA:341,4
DA:343,4
DA:346,5
FN:346,RuleERC2980Base._transferred
FNDA:5,RuleERC2980Base._transferred
DA:347,5
DA:348,5
BRDA:348,13,0,3
BRDA:348,13,1,2
DA:354,3
FN:354,RuleERC2980Base._transferredFrom
FNDA:3,RuleERC2980Base._transferredFrom
DA:355,3
DA:356,3
BRDA:356,14,0,1
BRDA:356,14,1,2
DA:362,272
FN:362,RuleERC2980Base._msgSender
FNDA:272,RuleERC2980Base._msgSender
DA:363,272
DA:366,2
FN:366,RuleERC2980Base._msgData
FNDA:2,RuleERC2980Base._msgData
DA:367,2
DA:370,274
FN:370,RuleERC2980Base._contextSuffixLength
FNDA:274,RuleERC2980Base._contextSuffixLength
DA:371,274
FNF:38
FNH:34
LF:109
LH:105
BRF:26
BRH:26
end_of_record
TN:
SF:src/rules/validation/abstract/base/RuleIdentityRegistryBase.sol
DA:23,26
FN:23,RuleIdentityRegistryBase.constructor
FNDA:26,RuleIdentityRegistryBase.constructor
DA:24,26
BRDA:24,0,0,25
DA:25,25
DA:33,5
FN:33,RuleIdentityRegistryBase.onlyIdentityRegistryManager
FNDA:5,RuleIdentityRegistryBase.onlyIdentityRegistryManager
DA:34,5
DA:38,0
FN:38,RuleIdentityRegistryBase._authorizeIdentityRegistryManager
FNDA:0,RuleIdentityRegistryBase._authorizeIdentityRegistryManager
DA:44,4
FN:44,RuleIdentityRegistryBase.canReturnTransferRestrictionCode
FNDA:4,RuleIdentityRegistryBase.canReturnTransferRestrictionCode
DA:45,4
DA:46,2
DA:53,4
FN:53,RuleIdentityRegistryBase.setIdentityRegistry
FNDA:4,RuleIdentityRegistryBase.setIdentityRegistry
DA:54,2
BRDA:54,1,0,1
BRDA:54,1,1,1
DA:55,1
DA:56,1
DA:59,5
FN:59,RuleIdentityRegistryBase.clearIdentityRegistry
FNDA:5,RuleIdentityRegistryBase.clearIdentityRegistry
DA:60,3
DA:61,3
DA:64,2
FN:64,RuleIdentityRegistryBase.transferred.0
FNDA:2,RuleIdentityRegistryBase.transferred.0
DA:65,2
DA:68,2
FN:68,RuleIdentityRegistryBase.transferred.1
FNDA:2,RuleIdentityRegistryBase.transferred.1
DA:69,2
DA:72,4
FN:72,RuleIdentityRegistryBase.messageForTransferRestriction
FNDA:4,RuleIdentityRegistryBase.messageForTransferRestriction
DA:78,4
BRDA:78,2,0,1
BRDA:78,2,1,1
DA:79,1
DA:80,3
BRDA:80,3,0,1
BRDA:80,3,1,1
DA:81,1
DA:82,2
BRDA:82,4,0,1
DA:83,1
DA:85,1
DA:92,16
FN:92,RuleIdentityRegistryBase._detectTransferRestriction
FNDA:16,RuleIdentityRegistryBase._detectTransferRestriction
DA:102,16
BRDA:102,5,0,3
DA:103,3
DA:105,13
BRDA:105,6,0,2
DA:106,2
DA:109,11
BRDA:109,7,0,4
DA:110,4
DA:112,7
BRDA:112,8,0,1
DA:113,1
DA:115,6
DA:118,9
FN:118,RuleIdentityRegistryBase._detectTransferRestrictionFrom
FNDA:9,RuleIdentityRegistryBase._detectTransferRestrictionFrom
DA:124,9
BRDA:124,9,0,1
DA:125,1
DA:127,8
BRDA:127,10,0,1
DA:128,1
DA:130,7
BRDA:130,11,0,4
DA:131,4
DA:133,3
DA:136,2
FN:136,RuleIdentityRegistryBase._transferred
FNDA:2,RuleIdentityRegistryBase._transferred
DA:137,2
DA:138,2
BRDA:138,12,0,1
BRDA:138,12,1,1
DA:144,2
FN:144,RuleIdentityRegistryBase._transferredFrom
FNDA:2,RuleIdentityRegistryBase._transferredFrom
DA:145,2
DA:146,2
BRDA:146,13,0,1
BRDA:146,13,1,1
FNF:13
FNH:12
LF:52
LH:51
BRF:19
BRH:19
end_of_record
TN:
SF:src/rules/validation/abstract/base/RuleMaxTotalSupplyBase.sol
DA:24,25
FN:24,RuleMaxTotalSupplyBase.constructor
FNDA:25,RuleMaxTotalSupplyBase.constructor
DA:25,25
BRDA:25,0,0,1
BRDA:25,0,1,24
DA:26,24
DA:27,24
DA:34,2
FN:34,RuleMaxTotalSupplyBase.canReturnTransferRestrictionCode
FNDA:2,RuleMaxTotalSupplyBase.canReturnTransferRestrictionCode
DA:35,2
DA:42,260
FN:42,RuleMaxTotalSupplyBase.setMaxTotalSupply
FNDA:260,RuleMaxTotalSupplyBase.setMaxTotalSupply
DA:43,258
DA:44,258
DA:47,4
FN:47,RuleMaxTotalSupplyBase.setTokenContract
FNDA:4,RuleMaxTotalSupplyBase.setTokenContract
DA:48,2
BRDA:48,1,0,1
BRDA:48,1,1,1
DA:49,1
DA:50,1
DA:53,2
FN:53,RuleMaxTotalSupplyBase.transferred.0
FNDA:2,RuleMaxTotalSupplyBase.transferred.0
DA:54,2
DA:57,2
FN:57,RuleMaxTotalSupplyBase.transferred.1
FNDA:2,RuleMaxTotalSupplyBase.transferred.1
DA:58,2
DA:61,2
FN:61,RuleMaxTotalSupplyBase.messageForTransferRestriction
FNDA:2,RuleMaxTotalSupplyBase.messageForTransferRestriction
DA:67,2
BRDA:67,2,0,1
DA:68,1
DA:70,1
DA:77,260
FN:77,RuleMaxTotalSupplyBase.onlyMaxTotalSupplyManager
FNDA:260,RuleMaxTotalSupplyBase.onlyMaxTotalSupplyManager
DA:78,260
DA:82,0
FN:82,RuleMaxTotalSupplyBase._authorizeMaxTotalSupplyManager
FNDA:0,RuleMaxTotalSupplyBase._authorizeMaxTotalSupplyManager
DA:88,271
FN:88,RuleMaxTotalSupplyBase._detectTransferRestriction
FNDA:271,RuleMaxTotalSupplyBase._detectTransferRestriction
DA:99,271
BRDA:99,3,0,268
DA:100,268
DA:101,268
BRDA:101,4,0,186
DA:102,186
DA:105,85
DA:108,2
FN:108,RuleMaxTotalSupplyBase._detectTransferRestrictionFrom
FNDA:2,RuleMaxTotalSupplyBase._detectTransferRestrictionFrom
DA:114,2
DA:117,2
FN:117,RuleMaxTotalSupplyBase._transferred
FNDA:2,RuleMaxTotalSupplyBase._transferred
DA:118,2
DA:119,2
BRDA:119,5,0,1
BRDA:119,5,1,1
DA:125,2
FN:125,RuleMaxTotalSupplyBase._transferredFrom
FNDA:2,RuleMaxTotalSupplyBase._transferredFrom
DA:126,2
DA:127,2
BRDA:127,6,0,1
BRDA:127,6,1,1
FNF:13
FNH:12
LF:38
LH:37
BRF:11
BRH:11
end_of_record
TN:
SF:src/rules/validation/abstract/base/RuleSanctionsListBase.sol
DA:24,46
FN:24,RuleSanctionsListBase.constructor
FNDA:46,RuleSanctionsListBase.constructor
DA:27,45
BRDA:27,0,0,20
DA:28,20
DA:36,3
FN:36,RuleSanctionsListBase.canReturnTransferRestrictionCode
FNDA:3,RuleSanctionsListBase.canReturnTransferRestrictionCode
DA:37,3
DA:38,1
DA:45,17
FN:45,RuleSanctionsListBase.setSanctionListOracle
FNDA:17,RuleSanctionsListBase.setSanctionListOracle
DA:46,15
BRDA:46,1,0,1
BRDA:46,1,1,14
DA:47,14
DA:50,3
FN:50,RuleSanctionsListBase.clearSanctionListOracle
FNDA:3,RuleSanctionsListBase.clearSanctionListOracle
DA:51,3
DA:54,43
FN:54,RuleSanctionsListBase.transferred.0
FNDA:43,RuleSanctionsListBase.transferred.0
DA:55,43
DA:58,2
FN:58,RuleSanctionsListBase.transferred.1
FNDA:2,RuleSanctionsListBase.transferred.1
DA:59,2
DA:62,4
FN:62,RuleSanctionsListBase.messageForTransferRestriction
FNDA:4,RuleSanctionsListBase.messageForTransferRestriction
DA:68,4
BRDA:68,2,0,1
BRDA:68,2,1,1
DA:69,1
DA:70,3
BRDA:70,3,0,1
BRDA:70,3,1,1
DA:71,1
DA:72,2
BRDA:72,4,0,1
DA:73,1
DA:75,1
DA:82,3
FN:82,RuleSanctionsListBase.onlySanctionListManager
FNDA:3,RuleSanctionsListBase.onlySanctionListManager
DA:83,3
DA:87,0
FN:87,RuleSanctionsListBase._authorizeSanctionListManager
FNDA:0,RuleSanctionsListBase._authorizeSanctionListManager
DA:93,84
FN:93,RuleSanctionsListBase._detectTransferRestriction
FNDA:84,RuleSanctionsListBase._detectTransferRestriction
DA:103,84
BRDA:103,5,0,77
DA:104,77
BRDA:104,6,0,10
BRDA:104,6,1,55
DA:105,10
DA:106,67
BRDA:106,7,0,12
DA:107,12
DA:110,62
DA:113,16
FN:113,RuleSanctionsListBase._detectTransferRestrictionFrom
FNDA:16,RuleSanctionsListBase._detectTransferRestrictionFrom
DA:120,16
BRDA:120,8,0,15
DA:121,15
BRDA:121,9,0,6
DA:122,6
DA:124,9
DA:126,1
DA:129,47
FN:129,RuleSanctionsListBase._transferred
FNDA:47,RuleSanctionsListBase._transferred
DA:130,47
DA:131,47
BRDA:131,10,0,6
BRDA:131,10,1,41
DA:137,3
FN:137,RuleSanctionsListBase._transferredFrom
FNDA:3,RuleSanctionsListBase._transferredFrom
DA:138,3
DA:139,3
BRDA:139,11,0,2
BRDA:139,11,1,1
DA:145,37
FN:145,RuleSanctionsListBase._setSanctionListOracle
FNDA:37,RuleSanctionsListBase._setSanctionListOracle
DA:146,37
DA:147,37
FNF:14
FNH:13
LF:48
LH:47
BRF:18
BRH:18
end_of_record
TN:
SF:src/rules/validation/abstract/base/RuleSpenderWhitelistBase.sol
DA:27,2
FN:27,RuleSpenderWhitelistBase.canReturnTransferRestrictionCode
FNDA:2,RuleSpenderWhitelistBase.canReturnTransferRestrictionCode
DA:28,2
DA:38,1
FN:38,RuleSpenderWhitelistBase.transferred.0
FNDA:1,RuleSpenderWhitelistBase.transferred.0
DA:40,2
FN:40,RuleSpenderWhitelistBase.transferred.1
FNDA:2,RuleSpenderWhitelistBase.transferred.1
DA:41,2
DA:44,2
FN:44,RuleSpenderWhitelistBase.messageForTransferRestriction
FNDA:2,RuleSpenderWhitelistBase.messageForTransferRestriction
DA:50,2
BRDA:50,0,0,1
DA:51,1
DA:53,1
DA:60,4
FN:60,RuleSpenderWhitelistBase._detectTransferRestriction
FNDA:4,RuleSpenderWhitelistBase._detectTransferRestriction
DA:61,4
DA:64,13
FN:64,RuleSpenderWhitelistBase._detectTransferRestrictionFrom
FNDA:13,RuleSpenderWhitelistBase._detectTransferRestrictionFrom
DA:71,13
BRDA:71,1,0,5
DA:72,5
DA:74,8
DA:77,3
FN:77,RuleSpenderWhitelistBase._transferred
FNDA:3,RuleSpenderWhitelistBase._transferred
DA:81,7
FN:81,RuleSpenderWhitelistBase._transferredFrom
FNDA:7,RuleSpenderWhitelistBase._transferredFrom
DA:82,7
DA:83,7
BRDA:83,2,0,3
BRDA:83,2,1,4
FNF:8
FNH:8
LF:19
LH:19
BRF:4
BRH:4
end_of_record
TN:
SF:src/rules/validation/abstract/base/RuleWhitelistBase.sol
DA:18,163
FN:18,RuleWhitelistBase.constructor
FNDA:163,RuleWhitelistBase.constructor
DA:21,163
DA:22,2
BRDA:22,0,0,2
DA:23,2
DA:24,2
DA:32,3
FN:32,RuleWhitelistBase.setCheckSpender
FNDA:3,RuleWhitelistBase.setCheckSpender
DA:33,2
DA:34,2
DA:37,2
FN:37,RuleWhitelistBase.isVerified
FNDA:2,RuleWhitelistBase.isVerified
DA:44,2
DA:47,27
FN:47,RuleWhitelistBase.supportsInterface
FNDA:27,RuleWhitelistBase.supportsInterface
DA:48,27
DA:55,3
FN:55,RuleWhitelistBase.onlyCheckSpenderManager
FNDA:3,RuleWhitelistBase.onlyCheckSpenderManager
DA:56,3
DA:60,0
FN:60,RuleWhitelistBase._authorizeCheckSpenderManager
FNDA:0,RuleWhitelistBase._authorizeCheckSpenderManager
DA:66,53
FN:66,RuleWhitelistBase._detectTransferRestriction
FNDA:53,RuleWhitelistBase._detectTransferRestriction
DA:77,53
BRDA:77,1,0,13
BRDA:77,1,1,30
DA:78,13
DA:79,40
BRDA:79,2,0,10
DA:80,10
DA:82,30
DA:85,18
FN:85,RuleWhitelistBase._detectTransferRestrictionFrom
FNDA:18,RuleWhitelistBase._detectTransferRestrictionFrom
DA:92,18
BRDA:92,3,0,8
DA:93,8
DA:95,10
DA:98,2
FN:98,RuleWhitelistBase._setCheckSpender
FNDA:2,RuleWhitelistBase._setCheckSpender
DA:99,2
FNF:9
FNH:8
LF:27
LH:26
BRF:5
BRH:5
end_of_record
TN:
SF:src/rules/validation/abstract/base/RuleWhitelistWrapperBase.sol
DA:31,44
FN:31,RuleWhitelistWrapperBase.constructor
FNDA:44,RuleWhitelistWrapperBase.constructor
DA:32,44
DA:39,4
FN:39,RuleWhitelistWrapperBase.onlyCheckSpenderManager
FNDA:4,RuleWhitelistWrapperBase.onlyCheckSpenderManager
DA:40,4
DA:44,0
FN:44,RuleWhitelistWrapperBase._authorizeCheckSpenderManager
FNDA:0,RuleWhitelistWrapperBase._authorizeCheckSpenderManager
DA:58,4
FN:58,RuleWhitelistWrapperBase.setCheckSpender
FNDA:4,RuleWhitelistWrapperBase.setCheckSpender
DA:59,3
DA:60,3
DA:63,46
FN:63,RuleWhitelistWrapperBase.supportsInterface
FNDA:46,RuleWhitelistWrapperBase.supportsInterface
DA:70,46
DA:77,4
FN:77,RuleWhitelistWrapperBase.isVerified
FNDA:4,RuleWhitelistWrapperBase.isVerified
DA:78,4
DA:79,4
DA:80,4
DA:81,4
DA:95,34
FN:95,RuleWhitelistWrapperBase._detectTransferRestriction
FNDA:34,RuleWhitelistWrapperBase._detectTransferRestriction
DA:106,34
DA:107,34
DA:108,34
DA:110,34
DA:111,34
BRDA:111,0,0,13
BRDA:111,0,1,13
DA:112,13
DA:113,21
BRDA:113,1,0,8
BRDA:113,1,1,13
DA:114,8
DA:116,13
DA:120,20
FN:120,RuleWhitelistWrapperBase._detectTransferRestrictionFrom
FNDA:20,RuleWhitelistWrapperBase._detectTransferRestrictionFrom
DA:127,20
BRDA:127,2,0,1
DA:128,1
DA:131,19
DA:132,19
DA:133,19
DA:134,19
DA:136,19
DA:138,19
BRDA:138,3,0,1
BRDA:138,3,1,9
DA:139,1
DA:140,18
BRDA:140,4,0,1
BRDA:140,4,1,9
DA:141,1
DA:142,17
BRDA:142,5,0,8
BRDA:142,5,1,9
DA:143,8
DA:145,9
DA:151,13
FN:151,RuleWhitelistWrapperBase._transferred.0
FNDA:13,RuleWhitelistWrapperBase._transferred.0
DA:157,13
DA:160,1
FN:160,RuleWhitelistWrapperBase._transferred.1
FNDA:1,RuleWhitelistWrapperBase._transferred.1
DA:166,1
DA:174,57
FN:174,RuleWhitelistWrapperBase._detectTransferRestrictionForTargets
FNDA:57,RuleWhitelistWrapperBase._detectTransferRestrictionForTargets
DA:180,57
DA:181,57
DA:182,57
DA:185,105
DA:186,105
DA:187,85
BRDA:187,6,0,85
DA:188,85
DA:193,105
DA:194,105
DA:195,201
BRDA:195,7,0,81
DA:196,81
DA:197,81
DA:200,24
BRDA:200,8,0,24
DA:201,24
DA:204,57
DA:211,3
FN:211,RuleWhitelistWrapperBase._setCheckSpender
FNDA:3,RuleWhitelistWrapperBase._setCheckSpender
DA:212,3
DA:222,145
FN:222,RuleWhitelistWrapperBase._msgSender
FNDA:145,RuleWhitelistWrapperBase._msgSender
DA:223,145
DA:229,2
FN:229,RuleWhitelistWrapperBase._msgData
FNDA:2,RuleWhitelistWrapperBase._msgData
DA:230,2
DA:236,147
FN:236,RuleWhitelistWrapperBase._contextSuffixLength
FNDA:147,RuleWhitelistWrapperBase._contextSuffixLength
DA:237,147
FNF:15
FNH:14
LF:68
LH:67
BRF:14
BRH:14
end_of_record
TN:
SF:src/rules/validation/abstract/core/RuleNFTAdapter.sol
DA:34,17
FN:34,RuleNFTAdapter.detectTransferRestriction
FNDA:17,RuleNFTAdapter.detectTransferRestriction
DA:47,17
DA:53,13
FN:53,RuleNFTAdapter.detectTransferRestrictionFrom
FNDA:13,RuleNFTAdapter.detectTransferRestrictionFrom
DA:61,13
DA:67,15
FN:67,RuleNFTAdapter.canTransfer
FNDA:15,RuleNFTAdapter.canTransfer
DA:79,15
DA:85,11
FN:85,RuleNFTAdapter.canTransferFrom
FNDA:11,RuleNFTAdapter.canTransferFrom
DA:99,11
DA:106,14
FN:106,RuleNFTAdapter.transferred.0
FNDA:14,RuleNFTAdapter.transferred.0
DA:117,14
DA:123,9
FN:123,RuleNFTAdapter.transferred.1
FNDA:9,RuleNFTAdapter.transferred.1
DA:135,9
DA:141,6
FN:141,RuleNFTAdapter.transferred.2
FNDA:6,RuleNFTAdapter.transferred.2
DA:142,6
BRDA:142,0,0,3
BRDA:142,0,1,3
DA:143,3
DA:145,3
DA:152,6
FN:152,RuleNFTAdapter.transferred.3
FNDA:6,RuleNFTAdapter.transferred.3
DA:153,6
BRDA:153,1,0,3
BRDA:153,1,1,3
DA:154,3
DA:156,3
DA:167,0
FN:167,RuleNFTAdapter._transferred
FNDA:0,RuleNFTAdapter._transferred
DA:172,0
FN:172,RuleNFTAdapter._transferredFrom
FNDA:0,RuleNFTAdapter._transferredFrom
FNF:10
FNH:8
LF:22
LH:20
BRF:4
BRH:4
end_of_record
TN:
SF:src/rules/validation/abstract/core/RuleTransferValidation.sol
DA:32,351
FN:32,RuleTransferValidation.detectTransferRestriction
FNDA:351,RuleTransferValidation.detectTransferRestriction
DA:39,351
DA:45,38
FN:45,RuleTransferValidation.detectTransferRestrictionFrom
FNDA:38,RuleTransferValidation.detectTransferRestrictionFrom
DA:52,38
DA:63,21
FN:63,RuleTransferValidation.canTransfer
FNDA:21,RuleTransferValidation.canTransfer
DA:69,21
DA:75,14
FN:75,RuleTransferValidation.canTransferFrom
FNDA:14,RuleTransferValidation.canTransferFrom
DA:82,14
DA:86,198
FN:86,RuleTransferValidation.supportsInterface
FNDA:198,RuleTransferValidation.supportsInterface
DA:87,198
DA:88,197
DA:89,196
DA:90,108
DA:91,108
DA:105,0
FN:105,RuleTransferValidation._detectTransferRestriction
FNDA:0,RuleTransferValidation._detectTransferRestriction
DA:119,0
FN:119,RuleTransferValidation._detectTransferRestrictionFrom
FNDA:0,RuleTransferValidation._detectTransferRestrictionFrom
FNF:7
FNH:5
LF:16
LH:14
BRF:0
BRH:0
end_of_record
TN:
SF:src/rules/validation/abstract/core/RuleWhitelistShared.sol
DA:36,10
FN:36,RuleWhitelistShared.canReturnTransferRestrictionCode
FNDA:10,RuleWhitelistShared.canReturnTransferRestrictionCode
DA:37,10
DA:38,5
DA:39,2
DA:49,14
FN:49,RuleWhitelistShared.messageForTransferRestriction
FNDA:14,RuleWhitelistShared.messageForTransferRestriction
DA:55,14
BRDA:55,0,0,6
BRDA:55,0,1,2
DA:56,6
DA:57,8
BRDA:57,1,0,4
BRDA:57,1,1,2
DA:58,4
DA:59,4
BRDA:59,2,0,2
BRDA:59,2,1,2
DA:60,2
DA:62,2
DA:81,19
FN:81,RuleWhitelistShared.transferred.0
FNDA:19,RuleWhitelistShared.transferred.0
DA:82,19
DA:96,4
FN:96,RuleWhitelistShared.transferred.1
FNDA:4,RuleWhitelistShared.transferred.1
DA:97,4
DA:104,28
FN:104,RuleWhitelistShared._transferred
FNDA:28,RuleWhitelistShared._transferred
DA:105,28
DA:106,28
BRDA:106,3,0,14
BRDA:106,3,1,14
DA:112,11
FN:112,RuleWhitelistShared._transferredFrom
FNDA:11,RuleWhitelistShared._transferredFrom
DA:113,11
DA:114,11
BRDA:114,4,0,4
BRDA:114,4,1,7
FNF:6
FNH:6
LF:22
LH:22
BRF:10
BRH:10
end_of_record
TN:
SF:src/rules/validation/deployment/RuleBlacklist.sol
DA:32,91
FN:32,RuleBlacklist.supportsInterface
FNDA:91,RuleBlacklist.supportsInterface
DA:39,91
DA:40,61
DA:47,28
FN:47,RuleBlacklist._authorizeAddressListAdd
FNDA:28,RuleBlacklist._authorizeAddressListAdd
DA:49,1
FN:49,RuleBlacklist._authorizeAddressListRemove
FNDA:1,RuleBlacklist._authorizeAddressListRemove
DA:55,83
FN:55,RuleBlacklist._msgSender
FNDA:83,RuleBlacklist._msgSender
DA:56,83
DA:59,1
FN:59,RuleBlacklist._msgData
FNDA:1,RuleBlacklist._msgData
DA:60,1
DA:63,84
FN:63,RuleBlacklist._contextSuffixLength
FNDA:84,RuleBlacklist._contextSuffixLength
DA:64,84
FNF:6
FNH:6
LF:11
LH:11
BRF:0
BRH:0
end_of_record
TN:
SF:src/rules/validation/deployment/RuleBlacklistOwnable2Step.sol
DA:25,2
FN:25,RuleBlacklistOwnable2Step._authorizeAddressListAdd
FNDA:2,RuleBlacklistOwnable2Step._authorizeAddressListAdd
DA:27,2
FN:27,RuleBlacklistOwnable2Step._authorizeAddressListRemove
FNDA:2,RuleBlacklistOwnable2Step._authorizeAddressListRemove
DA:33,12
FN:33,RuleBlacklistOwnable2Step._msgSender
FNDA:12,RuleBlacklistOwnable2Step._msgSender
DA:34,12
DA:37,1
FN:37,RuleBlacklistOwnable2Step._msgData
FNDA:1,RuleBlacklistOwnable2Step._msgData
DA:38,1
DA:41,13
FN:41,RuleBlacklistOwnable2Step._contextSuffixLength
FNDA:13,RuleBlacklistOwnable2Step._contextSuffixLength
DA:42,13
FNF:5
FNH:5
LF:8
LH:8
BRF:0
BRH:0
end_of_record
TN:
SF:src/rules/validation/deployment/RuleERC2980.sol
DA:51,1
FN:51,RuleERC2980.supportsInterface
FNDA:1,RuleERC2980.supportsInterface
DA:58,1
DA:65,44
FN:65,RuleERC2980._authorizeWhitelistAdd
FNDA:44,RuleERC2980._authorizeWhitelistAdd
DA:67,8
FN:67,RuleERC2980._authorizeWhitelistRemove
FNDA:8,RuleERC2980._authorizeWhitelistRemove
DA:69,22
FN:69,RuleERC2980._authorizeFrozenlistAdd
FNDA:22,RuleERC2980._authorizeFrozenlistAdd
DA:71,7
FN:71,RuleERC2980._authorizeFrozenlistRemove
FNDA:7,RuleERC2980._authorizeFrozenlistRemove
DA:77,242
FN:77,RuleERC2980._msgSender
FNDA:242,RuleERC2980._msgSender
DA:78,242
DA:81,1
FN:81,RuleERC2980._msgData
FNDA:1,RuleERC2980._msgData
DA:82,1
DA:85,243
FN:85,RuleERC2980._contextSuffixLength
FNDA:243,RuleERC2980._contextSuffixLength
DA:86,243
FNF:8
FNH:8
LF:12
LH:12
BRF:0
BRH:0
end_of_record
TN:
SF:src/rules/validation/deployment/RuleERC2980Ownable2Step.sol
DA:33,7
FN:33,RuleERC2980Ownable2Step._authorizeWhitelistAdd
FNDA:7,RuleERC2980Ownable2Step._authorizeWhitelistAdd
DA:35,3
FN:35,RuleERC2980Ownable2Step._authorizeWhitelistRemove
FNDA:3,RuleERC2980Ownable2Step._authorizeWhitelistRemove
DA:37,6
FN:37,RuleERC2980Ownable2Step._authorizeFrozenlistAdd
FNDA:6,RuleERC2980Ownable2Step._authorizeFrozenlistAdd
DA:39,2
FN:39,RuleERC2980Ownable2Step._authorizeFrozenlistRemove
FNDA:2,RuleERC2980Ownable2Step._authorizeFrozenlistRemove
DA:45,30
FN:45,RuleERC2980Ownable2Step._msgSender
FNDA:30,RuleERC2980Ownable2Step._msgSender
DA:46,30
DA:49,1
FN:49,RuleERC2980Ownable2Step._msgData
FNDA:1,RuleERC2980Ownable2Step._msgData
DA:50,1
DA:53,31
FN:53,RuleERC2980Ownable2Step._contextSuffixLength
FNDA:31,RuleERC2980Ownable2Step._contextSuffixLength
DA:54,31
FNF:7
FNH:7
LF:10
LH:10
BRF:0
BRH:0
end_of_record
TN:
SF:src/rules/validation/deployment/RuleIdentityRegistry.sol
DA:28,15
FN:28,RuleIdentityRegistry.supportsInterface
FNDA:15,RuleIdentityRegistry.supportsInterface
DA:35,15
DA:36,10
DA:43,5
FN:43,RuleIdentityRegistry._authorizeIdentityRegistryManager
FNDA:5,RuleIdentityRegistry._authorizeIdentityRegistryManager
FNF:2
FNH:2
LF:4
LH:4
BRF:0
BRH:0
end_of_record
TN:
SF:src/rules/validation/deployment/RuleIdentityRegistryOwnable2Step.sol
DA:23,4
FN:23,RuleIdentityRegistryOwnable2Step._authorizeIdentityRegistryManager
FNDA:4,RuleIdentityRegistryOwnable2Step._authorizeIdentityRegistryManager
FNF:1
FNH:1
LF:1
LH:1
BRF:0
BRH:0
end_of_record
TN:
SF:src/rules/validation/deployment/RuleMaxTotalSupply.sol
DA:32,15
FN:32,RuleMaxTotalSupply.supportsInterface
FNDA:15,RuleMaxTotalSupply.supportsInterface
DA:39,15
DA:40,10
DA:47,260
FN:47,RuleMaxTotalSupply._authorizeMaxTotalSupplyManager
FNDA:260,RuleMaxTotalSupply._authorizeMaxTotalSupplyManager
FNF:2
FNH:2
LF:4
LH:4
BRF:0
BRH:0
end_of_record
TN:
SF:src/rules/validation/deployment/RuleMaxTotalSupplyOwnable2Step.sol
DA:26,4
FN:26,RuleMaxTotalSupplyOwnable2Step._authorizeMaxTotalSupplyManager
FNDA:4,RuleMaxTotalSupplyOwnable2Step._authorizeMaxTotalSupplyManager
FNF:1
FNH:1
LF:1
LH:1
BRF:0
BRH:0
end_of_record
TN:
SF:src/rules/validation/deployment/RuleSanctionsList.sol
DA:34,58
FN:34,RuleSanctionsList.supportsInterface
FNDA:58,RuleSanctionsList.supportsInterface
DA:41,58
DA:42,39
DA:49,17
FN:49,RuleSanctionsList._authorizeSanctionListManager
FNDA:17,RuleSanctionsList._authorizeSanctionListManager
DA:55,57
FN:55,RuleSanctionsList._msgSender
FNDA:57,RuleSanctionsList._msgSender
DA:56,57
DA:59,1
FN:59,RuleSanctionsList._msgData
FNDA:1,RuleSanctionsList._msgData
DA:60,1
DA:63,58
FN:63,RuleSanctionsList._contextSuffixLength
FNDA:58,RuleSanctionsList._contextSuffixLength
DA:64,58
FNF:5
FNH:5
LF:10
LH:10
BRF:0
BRH:0
end_of_record
TN:
SF:src/rules/validation/deployment/RuleSanctionsListOwnable2Step.sol
DA:29,3
FN:29,RuleSanctionsListOwnable2Step._authorizeSanctionListManager
FNDA:3,RuleSanctionsListOwnable2Step._authorizeSanctionListManager
DA:35,11
FN:35,RuleSanctionsListOwnable2Step._msgSender
FNDA:11,RuleSanctionsListOwnable2Step._msgSender
DA:36,11
DA:39,1
FN:39,RuleSanctionsListOwnable2Step._msgData
FNDA:1,RuleSanctionsListOwnable2Step._msgData
DA:40,1
DA:43,13
FN:43,RuleSanctionsListOwnable2Step._contextSuffixLength
FNDA:13,RuleSanctionsListOwnable2Step._contextSuffixLength
DA:44,13
FNF:4
FNH:4
LF:7
LH:7
BRF:0
BRH:0
end_of_record
TN:
SF:src/rules/validation/deployment/RuleSpenderWhitelist.sol
DA:29,5
FN:29,RuleSpenderWhitelist.supportsInterface
FNDA:5,RuleSpenderWhitelist.supportsInterface
DA:36,5
DA:37,4
DA:44,6
FN:44,RuleSpenderWhitelist._authorizeAddressListAdd
FNDA:6,RuleSpenderWhitelist._authorizeAddressListAdd
DA:46,2
FN:46,RuleSpenderWhitelist._authorizeAddressListRemove
FNDA:2,RuleSpenderWhitelist._authorizeAddressListRemove
DA:52,31
FN:52,RuleSpenderWhitelist._msgSender
FNDA:31,RuleSpenderWhitelist._msgSender
DA:53,31
DA:56,1
FN:56,RuleSpenderWhitelist._msgData
FNDA:1,RuleSpenderWhitelist._msgData
DA:57,1
DA:60,33
FN:60,RuleSpenderWhitelist._contextSuffixLength
FNDA:33,RuleSpenderWhitelist._contextSuffixLength
DA:61,33
FNF:6
FNH:6
LF:11
LH:11
BRF:0
BRH:0
end_of_record
TN:
SF:src/rules/validation/deployment/RuleSpenderWhitelistOwnable2Step.sol
DA:28,2
FN:28,RuleSpenderWhitelistOwnable2Step._authorizeAddressListAdd
FNDA:2,RuleSpenderWhitelistOwnable2Step._authorizeAddressListAdd
DA:30,2
FN:30,RuleSpenderWhitelistOwnable2Step._authorizeAddressListRemove
FNDA:2,RuleSpenderWhitelistOwnable2Step._authorizeAddressListRemove
DA:36,10
FN:36,RuleSpenderWhitelistOwnable2Step._msgSender
FNDA:10,RuleSpenderWhitelistOwnable2Step._msgSender
DA:37,10
DA:40,1
FN:40,RuleSpenderWhitelistOwnable2Step._msgData
FNDA:1,RuleSpenderWhitelistOwnable2Step._msgData
DA:41,1
DA:44,12
FN:44,RuleSpenderWhitelistOwnable2Step._contextSuffixLength
FNDA:12,RuleSpenderWhitelistOwnable2Step._contextSuffixLength
DA:45,12
FNF:5
FNH:5
LF:8
LH:8
BRF:0
BRH:0
end_of_record
TN:
SF:src/rules/validation/deployment/RuleWhitelist.sol
DA:47,40
FN:47,RuleWhitelist.supportsInterface
FNDA:40,RuleWhitelist.supportsInterface
DA:54,40
DA:55,27
DA:62,1
FN:62,RuleWhitelist._authorizeCheckSpenderManager
FNDA:1,RuleWhitelist._authorizeCheckSpenderManager
DA:64,352
FN:64,RuleWhitelist._authorizeAddressListAdd
FNDA:352,RuleWhitelist._authorizeAddressListAdd
DA:66,263
FN:66,RuleWhitelist._authorizeAddressListRemove
FNDA:263,RuleWhitelist._authorizeAddressListRemove
DA:72,780
FN:72,RuleWhitelist._msgSender
FNDA:780,RuleWhitelist._msgSender
DA:73,780
DA:76,1
FN:76,RuleWhitelist._msgData
FNDA:1,RuleWhitelist._msgData
DA:77,1
DA:80,781
FN:80,RuleWhitelist._contextSuffixLength
FNDA:781,RuleWhitelist._contextSuffixLength
DA:81,781
FNF:7
FNH:7
LF:12
LH:12
BRF:0
BRH:0
end_of_record
TN:
SF:src/rules/validation/deployment/RuleWhitelistOwnable2Step.sol
DA:34,2
FN:34,RuleWhitelistOwnable2Step._authorizeAddressListAdd
FNDA:2,RuleWhitelistOwnable2Step._authorizeAddressListAdd
DA:36,2
FN:36,RuleWhitelistOwnable2Step._authorizeAddressListRemove
FNDA:2,RuleWhitelistOwnable2Step._authorizeAddressListRemove
DA:38,2
FN:38,RuleWhitelistOwnable2Step._authorizeCheckSpenderManager
FNDA:2,RuleWhitelistOwnable2Step._authorizeCheckSpenderManager
DA:44,15
FN:44,RuleWhitelistOwnable2Step._msgSender
FNDA:15,RuleWhitelistOwnable2Step._msgSender
DA:45,15
DA:48,1
FN:48,RuleWhitelistOwnable2Step._msgData
FNDA:1,RuleWhitelistOwnable2Step._msgData
DA:49,1
DA:52,16
FN:52,RuleWhitelistOwnable2Step._contextSuffixLength
FNDA:16,RuleWhitelistOwnable2Step._contextSuffixLength
DA:53,16
FNF:6
FNH:6
LF:9
LH:9
BRF:0
BRH:0
end_of_record
TN:
SF:src/rules/validation/deployment/RuleWhitelistWrapper.sol
DA:35,38
FN:35,RuleWhitelistWrapper.hasRole
FNDA:38,RuleWhitelistWrapper.hasRole
DA:42,134
DA:45,46
FN:45,RuleWhitelistWrapper.supportsInterface
FNDA:46,RuleWhitelistWrapper.supportsInterface
DA:52,46
DA:53,31
DA:60,2
FN:60,RuleWhitelistWrapper._authorizeCheckSpenderManager
FNDA:2,RuleWhitelistWrapper._authorizeCheckSpenderManager
DA:65,90
FN:65,RuleWhitelistWrapper._onlyRulesManager
FNDA:90,RuleWhitelistWrapper._onlyRulesManager
DA:71,133
FN:71,RuleWhitelistWrapper._msgSender
FNDA:133,RuleWhitelistWrapper._msgSender
DA:72,133
DA:75,1
FN:75,RuleWhitelistWrapper._msgData
FNDA:1,RuleWhitelistWrapper._msgData
DA:76,1
DA:79,134
FN:79,RuleWhitelistWrapper._contextSuffixLength
FNDA:134,RuleWhitelistWrapper._contextSuffixLength
DA:86,134
DA:89,38
FN:89,RuleWhitelistWrapper._grantRole
FNDA:38,RuleWhitelistWrapper._grantRole
DA:95,38
DA:98,1
FN:98,RuleWhitelistWrapper._revokeRole
FNDA:1,RuleWhitelistWrapper._revokeRole
DA:104,1
FNF:9
FNH:9
LF:17
LH:17
BRF:0
BRH:0
end_of_record
TN:
SF:src/rules/validation/deployment/RuleWhitelistWrapperOwnable2Step.sol
DA:32,2
FN:32,RuleWhitelistWrapperOwnable2Step._authorizeCheckSpenderManager
FNDA:2,RuleWhitelistWrapperOwnable2Step._authorizeCheckSpenderManager
DA:37,2
FN:37,RuleWhitelistWrapperOwnable2Step._onlyRulesManager
FNDA:2,RuleWhitelistWrapperOwnable2Step._onlyRulesManager
DA:43,12
FN:43,RuleWhitelistWrapperOwnable2Step._msgSender
FNDA:12,RuleWhitelistWrapperOwnable2Step._msgSender
DA:44,12
DA:47,1
FN:47,RuleWhitelistWrapperOwnable2Step._msgData
FNDA:1,RuleWhitelistWrapperOwnable2Step._msgData
DA:48,1
DA:51,13
FN:51,RuleWhitelistWrapperOwnable2Step._contextSuffixLength
FNDA:13,RuleWhitelistWrapperOwnable2Step._contextSuffixLength
DA:58,13
FNF:5
FNH:5
LF:8
LH:8
BRF:0
BRH:0
end_of_record
